#
# There is insufficient memory for the Java Runtime Environment to continue.
# Native memory allocation (malloc) failed to allocate 787856 bytes for Chunk::new
# Possible reasons:
#   The system is out of physical RAM or swap space
#   The process is running with CompressedOops enabled, and the Java Heap may be blocking the growth of the native heap
# Possible solutions:
#   Reduce memory load on the system
#   Increase physical memory or swap space
#   Check if swap backing store is full
#   Decrease Java heap size (-Xmx/-Xms)
#   Decrease number of Java threads
#   Decrease Java thread stack sizes (-Xss)
#   Set larger code cache with -XX:ReservedCodeCacheSize=
#   JVM is running with Unscaled Compressed Oops mode in which the Java heap is
#     placed in the first 4GB address space. The Java Heap base address is the
#     maximum limit for the native heap growth. Please use -XX:HeapBaseMinAddress
#     to set the Java Heap base and to place the Java Heap above 4GB virtual address.
# This output file may be truncated or incomplete.
#
#  Out of Memory Error (./src/hotspot/share/memory/arena.cpp:197), pid=17172, tid=12164
#
# JRE version: OpenJDK Runtime Environment (11.0.13) (build 11.0.13+0-b1751.21-8125866)
# Java VM: OpenJDK 64-Bit Server VM (11.0.13+0-b1751.21-8125866, mixed mode, tiered, compressed oops, g1 gc, windows-amd64)
# No core dump will be written. Minidumps are not enabled by default on client versions of Windows
#

---------------  S U M M A R Y ------------

Command Line: --add-opens=java.base/java.util=ALL-UNNAMED --add-opens=java.base/java.lang=ALL-UNNAMED --add-opens=java.base/java.lang.invoke=ALL-UNNAMED --add-opens=java.base/java.util=ALL-UNNAMED --add-opens=java.prefs/java.util.prefs=ALL-UNNAMED --add-opens=java.prefs/java.util.prefs=ALL-UNNAMED --add-opens=java.base/java.nio.charset=ALL-UNNAMED --add-opens=java.base/java.net=ALL-UNNAMED --add-opens=java.base/java.util.concurrent.atomic=ALL-UNNAMED -Xmx2048m -Dfile.encoding=UTF-8 -Duser.country=RU -Duser.language=ru -Duser.variant org.gradle.launcher.daemon.bootstrap.GradleDaemon 7.4

Host: Intel(R) Core(TM) i3-3120M CPU @ 2.50GHz, 4 cores, 7G,  Windows 10 , 64 bit Build 19041 (10.0.19041.3031)
Time: Sat Dec  2 17:39:58 2023 RTZ 2 (зима) elapsed time: 122.670797 seconds (0d 0h 2m 2s)

---------------  T H R E A D  ---------------

Current thread (0x000001b1fc92e800):  JavaThread "C2 CompilerThread0" daemon [_thread_in_native, id=12164, stack(0x0000005109700000,0x0000005109800000)]


Current CompileTask:
C2: 122670 15500   !   4       java.util.concurrent.LinkedBlockingQueue::poll (128 bytes)

Stack: [0x0000005109700000,0x0000005109800000]
Native frames: (J=compiled Java code, j=interpreted, Vv=VM code, C=native code)
V  [jvm.dll+0x6100fa]
V  [jvm.dll+0x747090]
V  [jvm.dll+0x7486ad]
V  [jvm.dll+0x748d83]
V  [jvm.dll+0x24ab48]
V  [jvm.dll+0xc04dc]
V  [jvm.dll+0xc0a0c]
V  [jvm.dll+0x35eb5b]
V  [jvm.dll+0x32b833]
V  [jvm.dll+0x32ad2a]
V  [jvm.dll+0x2032b2]
V  [jvm.dll+0x202437]
V  [jvm.dll+0x188e01]
V  [jvm.dll+0x21106b]
V  [jvm.dll+0x20f8c1]
V  [jvm.dll+0x70de0f]
V  [jvm.dll+0x706a75]
V  [jvm.dll+0x60ed66]
C  [ucrtbase.dll+0x21bb2]
C  [KERNEL32.DLL+0x17614]
C  [ntdll.dll+0x526f1]


---------------  P R O C E S S  ---------------

Threads class SMR info:
_java_thread_list=0x000001b1843f39f0, length=96, elements={
0x000001b1e0d8d000, 0x000001b1fc902800, 0x000001b1fc904000, 0x000001b1fd2a3800,
0x000001b1fc91e800, 0x000001b1fc91f800, 0x000001b1fc92e800, 0x000001b1fc930000,
0x000001b1fc939800, 0x000001b1fd3f6000, 0x000001b1fe361800, 0x000001b1fd637000,
0x000001b1fecc5800, 0x000001b1fe139000, 0x000001b1fe467000, 0x000001b180538800,
0x000001b180536000, 0x000001b180533800, 0x000001b180537000, 0x000001b180534800,
0x000001b1806db000, 0x000001b1806dd000, 0x000001b1806dc000, 0x000001b1806dd800,
0x000001b1806de800, 0x000001b182c16000, 0x000001b182c17800, 0x000001b182c19000,
0x000001b182c1b000, 0x000001b18103d000, 0x000001b18103e800, 0x000001b18103a800,
0x000001b18103f800, 0x000001b181039800, 0x000001b182c10000, 0x000001b182c13800,
0x000001b182c0d800, 0x000001b182c0e800, 0x000001b182c11000, 0x000001b182c15000,
0x000001b182c12800, 0x000001b182c14800, 0x000001b182c0f800, 0x000001b182c1b800,
0x000001b182c1a000, 0x000001b182c1c800, 0x000001b182c18800, 0x000001b182c16800,
0x000001b1806d8800, 0x000001b1806df800, 0x000001b1806e0000, 0x000001b1806da800,
0x000001b1806e1800, 0x000001b1806e3800, 0x000001b1806e4000, 0x000001b1806e5000,
0x000001b1806e1000, 0x000001b1806e2800, 0x000001b1806e7800, 0x000001b1806e6000,
0x000001b1806e6800, 0x000001b181037000, 0x000001b181038000, 0x000001b181035800,
0x000001b181036800, 0x000001b181032800, 0x000001b181039000, 0x000001b181033000,
0x000001b181034000, 0x000001b18103d800, 0x000001b18103c000, 0x000001b181041000,
0x000001b18053a000, 0x000001b180537800, 0x000001b180539800, 0x000001b180535800,
0x000001b1810fd800, 0x000001b1810f8800, 0x000001b1810fa800, 0x000001b1810fd000,
0x000001b1810fb000, 0x000001b1810fc000, 0x000001b1810f8000, 0x000001b1810fe800,
0x000001b1810f9800, 0x000001b184ab7800, 0x000001b184abb800, 0x000001b184ab6800,
0x000001b184ab9000, 0x000001b184aba000, 0x000001b184ab8000, 0x000001b184aba800,
0x000001b184abc000, 0x000001b184abd000, 0x000001b181040000, 0x000001b1865fe000
}

Java Threads: ( => current thread )
  0x000001b1e0d8d000 JavaThread "main" [_thread_blocked, id=13648, stack(0x0000005108b00000,0x0000005108c00000)]
  0x000001b1fc902800 JavaThread "Reference Handler" daemon [_thread_blocked, id=13816, stack(0x0000005109200000,0x0000005109300000)]
  0x000001b1fc904000 JavaThread "Finalizer" daemon [_thread_blocked, id=24380, stack(0x0000005109300000,0x0000005109400000)]
  0x000001b1fd2a3800 JavaThread "Signal Dispatcher" daemon [_thread_blocked, id=24384, stack(0x0000005109400000,0x0000005109500000)]
  0x000001b1fc91e800 JavaThread "Attach Listener" daemon [_thread_blocked, id=24156, stack(0x0000005109500000,0x0000005109600000)]
  0x000001b1fc91f800 JavaThread "Service Thread" daemon [_thread_blocked, id=13768, stack(0x0000005109600000,0x0000005109700000)]
=>0x000001b1fc92e800 JavaThread "C2 CompilerThread0" daemon [_thread_in_native, id=12164, stack(0x0000005109700000,0x0000005109800000)]
  0x000001b1fc930000 JavaThread "C1 CompilerThread0" daemon [_thread_blocked, id=20632, stack(0x0000005109800000,0x0000005109900000)]
  0x000001b1fc939800 JavaThread "Sweeper thread" daemon [_thread_blocked, id=23992, stack(0x0000005109900000,0x0000005109a00000)]
  0x000001b1fd3f6000 JavaThread "Common-Cleaner" daemon [_thread_blocked, id=16764, stack(0x0000005109a00000,0x0000005109b00000)]
  0x000001b1fe361800 JavaThread "Daemon health stats" [_thread_blocked, id=17028, stack(0x0000005109f00000,0x000000510a000000)]
  0x000001b1fd637000 JavaThread "Incoming local TCP Connector on port 61559" [_thread_in_native, id=22040, stack(0x0000005109c00000,0x0000005109d00000)]
  0x000001b1fecc5800 JavaThread "Daemon periodic checks" [_thread_blocked, id=15940, stack(0x000000510a000000,0x000000510a100000)]
  0x000001b1fe139000 JavaThread "Daemon" [_thread_blocked, id=23364, stack(0x000000510a200000,0x000000510a300000)]
  0x000001b1fe467000 JavaThread "Daemon worker" [_thread_blocked, id=20728, stack(0x000000510a500000,0x000000510a600000)]
  0x000001b180538800 JavaThread "Cache worker for journal cache (C:\Users\1\.gradle\caches\journal-1)" [_thread_blocked, id=13652, stack(0x000000510aa00000,0x000000510ab00000)]
  0x000001b180536000 JavaThread "File lock request listener" [_thread_in_native, id=17328, stack(0x000000510ab00000,0x000000510ac00000)]
  0x000001b180533800 JavaThread "Cache worker for file hash cache (C:\Users\1\.gradle\caches\7.4\fileHashes)" [_thread_blocked, id=10512, stack(0x000000510ac00000,0x000000510ad00000)]
  0x000001b180537000 JavaThread "File watcher server" daemon [_thread_in_native, id=6220, stack(0x000000510ad00000,0x000000510ae00000)]
  0x000001b180534800 JavaThread "File watcher consumer" daemon [_thread_blocked, id=19736, stack(0x000000510ae00000,0x000000510af00000)]
  0x000001b1806db000 JavaThread "Cache worker for execution history cache (C:\Users\1\.gradle\caches\7.4\executionHistory)" [_thread_blocked, id=15828, stack(0x000000510b300000,0x000000510b400000)]
  0x000001b1806dd000 JavaThread "jar transforms" [_thread_blocked, id=22092, stack(0x000000510b400000,0x000000510b500000)]
  0x000001b1806dc000 JavaThread "Cache worker for file content cache (C:\Users\1\.gradle\caches\7.4\fileContent)" [_thread_blocked, id=24376, stack(0x000000510b500000,0x000000510b600000)]
  0x000001b1806dd800 JavaThread "jar transforms Thread 2" [_thread_blocked, id=15640, stack(0x000000510b600000,0x000000510b700000)]
  0x000001b1806de800 JavaThread "jar transforms Thread 3" [_thread_blocked, id=23464, stack(0x000000510b800000,0x000000510b900000)]
  0x000001b182c16000 JavaThread "jar transforms Thread 4" [_thread_blocked, id=16800, stack(0x000000510e200000,0x000000510e300000)]
  0x000001b182c17800 JavaThread "Memory manager" [_thread_blocked, id=24096, stack(0x000000510e300000,0x000000510e400000)]
  0x000001b182c19000 JavaThread "pool-3-thread-1" [_thread_blocked, id=15932, stack(0x000000510e500000,0x000000510e600000)]
  0x000001b182c1b000 JavaThread "included builds" [_thread_blocked, id=15028, stack(0x000000510e700000,0x000000510e800000)]
  0x000001b18103d000 JavaThread "RMI Scheduler(0)" daemon [_thread_blocked, id=23944, stack(0x000000510e100000,0x000000510e200000)]
  0x000001b18103e800 JavaThread "RMI RenewClean-[127.0.0.1:17545,org.jetbrains.kotlin.daemon.common.LoopbackNetworkInterface$ClientLoopbackSocketFactory@5e133a12]" daemon [_thread_blocked, id=24440, stack(0x000000510f500000,0x000000510f600000)]
  0x000001b18103a800 JavaThread "RMI GC Daemon" daemon [_thread_blocked, id=21876, stack(0x000000510f600000,0x000000510f700000)]
  0x000001b18103f800 JavaThread "RMI TCP Accept-0" daemon [_thread_in_native, id=19932, stack(0x000000510f700000,0x000000510f800000)]
  0x000001b181039800 JavaThread "RMI Reaper" [_thread_blocked, id=22412, stack(0x000000510f800000,0x000000510f900000)]
  0x000001b182c10000 JavaThread "Handler for socket connection from /127.0.0.1:61559 to /127.0.0.1:61621" [_thread_in_native, id=6884, stack(0x0000005108800000,0x0000005108900000)]
  0x000001b182c13800 JavaThread "Cancel handler" [_thread_blocked, id=20252, stack(0x0000005108900000,0x0000005108a00000)]
  0x000001b182c0d800 JavaThread "Asynchronous log dispatcher for DefaultDaemonConnection: socket connection from /127.0.0.1:61559 to /127.0.0.1:61621" [_thread_blocked, id=23272, stack(0x0000005108a00000,0x0000005108b00000)]
  0x000001b182c0e800 JavaThread "Stdin handler" [_thread_blocked, id=24116, stack(0x000000510a300000,0x000000510a400000)]
  0x000001b182c11000 JavaThread "Daemon client event forwarder" [_thread_blocked, id=17288, stack(0x000000510a400000,0x000000510a500000)]
  0x000001b182c15000 JavaThread "Cache worker for checksums cache (C:\Users\1\AndroidStudioProjects\MyApplication3\.gradle\7.4\checksums)" [_thread_blocked, id=24120, stack(0x000000510a700000,0x000000510a800000)]
  0x000001b182c12800 JavaThread "Cache worker for cache directory md-rule (C:\Users\1\.gradle\caches\7.4\md-rule)" [_thread_blocked, id=16216, stack(0x000000510a800000,0x000000510a900000)]
  0x000001b182c14800 JavaThread "Cache worker for file hash cache (C:\Users\1\AndroidStudioProjects\MyApplication3\.gradle\7.4\fileHashes)" [_thread_blocked, id=16864, stack(0x000000510a900000,0x000000510aa00000)]
  0x000001b182c0f800 JavaThread "Cache worker for cache directory md-supplier (C:\Users\1\.gradle\caches\7.4\md-supplier)" [_thread_blocked, id=14436, stack(0x000000510af00000,0x000000510b000000)]
  0x000001b182c1b800 JavaThread "Cache worker for dependencies-accessors (C:\Users\1\AndroidStudioProjects\MyApplication3\.gradle\7.4\dependencies-accessors)" [_thread_blocked, id=8472, stack(0x000000510b000000,0x000000510b100000)]
  0x000001b182c1a000 JavaThread "Cache worker for Build Output Cleanup Cache (C:\Users\1\AndroidStudioProjects\MyApplication3\.gradle\buildOutputCleanup)" [_thread_blocked, id=16376, stack(0x000000510b100000,0x000000510b200000)]
  0x000001b182c1c800 JavaThread "Unconstrained build operations" [_thread_blocked, id=6452, stack(0x000000510b200000,0x000000510b300000)]
  0x000001b182c18800 JavaThread "Unconstrained build operations Thread 2" [_thread_blocked, id=17724, stack(0x000000510b700000,0x000000510b800000)]
  0x000001b182c16800 JavaThread "Unconstrained build operations Thread 3" [_thread_blocked, id=13660, stack(0x000000510b900000,0x000000510ba00000)]
  0x000001b1806d8800 JavaThread "Unconstrained build operations Thread 4" [_thread_blocked, id=15096, stack(0x000000510ba00000,0x000000510bb00000)]
  0x000001b1806df800 JavaThread "Unconstrained build operations Thread 5" [_thread_blocked, id=21668, stack(0x000000510bb00000,0x000000510bc00000)]
  0x000001b1806e0000 JavaThread "Unconstrained build operations Thread 6" [_thread_blocked, id=18480, stack(0x000000510bc00000,0x000000510bd00000)]
  0x000001b1806da800 JavaThread "Unconstrained build operations Thread 7" [_thread_blocked, id=16108, stack(0x000000510bd00000,0x000000510be00000)]
  0x000001b1806e1800 JavaThread "Unconstrained build operations Thread 8" [_thread_blocked, id=23340, stack(0x000000510be00000,0x000000510bf00000)]
  0x000001b1806e3800 JavaThread "Unconstrained build operations Thread 9" [_thread_blocked, id=23300, stack(0x000000510bf00000,0x000000510c000000)]
  0x000001b1806e4000 JavaThread "Unconstrained build operations Thread 10" [_thread_blocked, id=11680, stack(0x000000510c000000,0x000000510c100000)]
  0x000001b1806e5000 JavaThread "Unconstrained build operations Thread 11" [_thread_blocked, id=20256, stack(0x000000510c100000,0x000000510c200000)]
  0x000001b1806e1000 JavaThread "Unconstrained build operations Thread 12" [_thread_blocked, id=18252, stack(0x000000510c200000,0x000000510c300000)]
  0x000001b1806e2800 JavaThread "Unconstrained build operations Thread 13" [_thread_blocked, id=7588, stack(0x000000510c300000,0x000000510c400000)]
  0x000001b1806e7800 JavaThread "Unconstrained build operations Thread 14" [_thread_blocked, id=19028, stack(0x000000510c400000,0x000000510c500000)]
  0x000001b1806e6000 JavaThread "Unconstrained build operations Thread 15" [_thread_blocked, id=16848, stack(0x000000510c500000,0x000000510c600000)]
  0x000001b1806e6800 JavaThread "Unconstrained build operations Thread 16" [_thread_blocked, id=23760, stack(0x000000510c600000,0x000000510c700000)]
  0x000001b181037000 JavaThread "Unconstrained build operations Thread 17" [_thread_blocked, id=24288, stack(0x000000510c700000,0x000000510c800000)]
  0x000001b181038000 JavaThread "Unconstrained build operations Thread 18" [_thread_blocked, id=20712, stack(0x000000510c800000,0x000000510c900000)]
  0x000001b181035800 JavaThread "Unconstrained build operations Thread 19" [_thread_blocked, id=24456, stack(0x000000510c900000,0x000000510ca00000)]
  0x000001b181036800 JavaThread "Unconstrained build operations Thread 20" [_thread_blocked, id=23728, stack(0x000000510ca00000,0x000000510cb00000)]
  0x000001b181032800 JavaThread "Unconstrained build operations Thread 21" [_thread_blocked, id=24232, stack(0x000000510cb00000,0x000000510cc00000)]
  0x000001b181039000 JavaThread "Unconstrained build operations Thread 22" [_thread_blocked, id=11512, stack(0x000000510cc00000,0x000000510cd00000)]
  0x000001b181033000 JavaThread "Unconstrained build operations Thread 23" [_thread_blocked, id=7840, stack(0x000000510cd00000,0x000000510ce00000)]
  0x000001b181034000 JavaThread "Unconstrained build operations Thread 24" [_thread_blocked, id=20776, stack(0x000000510ce00000,0x000000510cf00000)]
  0x000001b18103d800 JavaThread "Unconstrained build operations Thread 25" [_thread_blocked, id=21524, stack(0x000000510cf00000,0x000000510d000000)]
  0x000001b18103c000 JavaThread "Unconstrained build operations Thread 26" [_thread_blocked, id=19756, stack(0x000000510d000000,0x000000510d100000)]
  0x000001b181041000 JavaThread "Unconstrained build operations Thread 27" [_thread_blocked, id=19408, stack(0x000000510d100000,0x000000510d200000)]
  0x000001b18053a000 JavaThread "Unconstrained build operations Thread 28" [_thread_blocked, id=21252, stack(0x000000510d200000,0x000000510d300000)]
  0x000001b180537800 JavaThread "Unconstrained build operations Thread 29" [_thread_blocked, id=22952, stack(0x000000510d300000,0x000000510d400000)]
  0x000001b180539800 JavaThread "Unconstrained build operations Thread 30" [_thread_blocked, id=17560, stack(0x000000510d400000,0x000000510d500000)]
  0x000001b180535800 JavaThread "Unconstrained build operations Thread 31" [_thread_blocked, id=24284, stack(0x000000510d500000,0x000000510d600000)]
  0x000001b1810fd800 JavaThread "Unconstrained build operations Thread 32" [_thread_blocked, id=4932, stack(0x000000510d600000,0x000000510d700000)]
  0x000001b1810f8800 JavaThread "Unconstrained build operations Thread 33" [_thread_blocked, id=14844, stack(0x000000510d700000,0x000000510d800000)]
  0x000001b1810fa800 JavaThread "Unconstrained build operations Thread 34" [_thread_blocked, id=16028, stack(0x000000510d800000,0x000000510d900000)]
  0x000001b1810fd000 JavaThread "Unconstrained build operations Thread 35" [_thread_blocked, id=23032, stack(0x000000510d900000,0x000000510da00000)]
  0x000001b1810fb000 JavaThread "Unconstrained build operations Thread 36" [_thread_blocked, id=18040, stack(0x000000510da00000,0x000000510db00000)]
  0x000001b1810fc000 JavaThread "Unconstrained build operations Thread 37" [_thread_blocked, id=11984, stack(0x000000510db00000,0x000000510dc00000)]
  0x000001b1810f8000 JavaThread "Unconstrained build operations Thread 38" [_thread_blocked, id=10304, stack(0x000000510dc00000,0x000000510dd00000)]
  0x000001b1810fe800 JavaThread "Unconstrained build operations Thread 39" [_thread_blocked, id=18308, stack(0x000000510dd00000,0x000000510de00000)]
  0x000001b1810f9800 JavaThread "Unconstrained build operations Thread 40" [_thread_blocked, id=13684, stack(0x000000510de00000,0x000000510df00000)]
  0x000001b184ab7800 JavaThread "build event listener" [_thread_blocked, id=19420, stack(0x000000510df00000,0x000000510e000000)]
  0x000001b184abb800 JavaThread "pool-7-thread-1" [_thread_blocked, id=13612, stack(0x000000510e000000,0x000000510e100000)]
  0x000001b184ab6800 JavaThread "build event listener" [_thread_blocked, id=6600, stack(0x000000510e400000,0x000000510e500000)]
  0x000001b184ab9000 JavaThread "included builds" [_thread_blocked, id=20672, stack(0x000000510e600000,0x000000510e700000)]
  0x000001b184aba000 JavaThread "Execution worker for ':'" [_thread_blocked, id=20780, stack(0x000000510e800000,0x000000510e900000)]
  0x000001b184ab8000 JavaThread "Execution worker for ':' Thread 2" [_thread_blocked, id=20488, stack(0x000000510e900000,0x000000510ea00000)]
  0x000001b184aba800 JavaThread "Execution worker for ':' Thread 3" [_thread_blocked, id=10404, stack(0x000000510ea00000,0x000000510eb00000)]
  0x000001b184abc000 JavaThread "Cache worker for execution history cache (C:\Users\1\AndroidStudioProjects\MyApplication3\.gradle\7.4\executionHistory)" [_thread_blocked, id=15152, stack(0x000000510eb00000,0x000000510ec00000)]
  0x000001b184abd000 JavaThread "WorkerExecutor Queue" [_thread_in_native, id=15036, stack(0x000000510a600000,0x000000510a700000)]
  0x000001b181040000 JavaThread "RMI RenewClean-[127.0.0.1:17005,org.jetbrains.kotlin.daemon.common.LoopbackNetworkInterface$ClientLoopbackSocketFactory@43485a3b]" daemon [_thread_blocked, id=24100, stack(0x000000510ec00000,0x000000510ed00000)]
  0x000001b1865fe000 JavaThread "RMI TCP Connection(2)-127.0.0.1" daemon [_thread_in_native, id=16280, stack(0x000000510ed00000,0x000000510ee00000)]

Other Threads:
  0x000001b1fc8fe800 VMThread "VM Thread" [stack: 0x0000005109100000,0x0000005109200000] [id=17716]
  0x000001b1fd421800 WatcherThread [stack: 0x0000005109b00000,0x0000005109c00000] [id=14116]
  0x000001b1e0da6000 GCTaskThread "GC Thread#0" [stack: 0x0000005108c00000,0x0000005108d00000] [id=21624]
  0x000001b1fd6fe800 GCTaskThread "GC Thread#1" [stack: 0x0000005109d00000,0x0000005109e00000] [id=17768]
  0x000001b1fd688800 GCTaskThread "GC Thread#2" [stack: 0x0000005109e00000,0x0000005109f00000] [id=23812]
  0x000001b1fe9db000 GCTaskThread "GC Thread#3" [stack: 0x000000510a100000,0x000000510a200000] [id=21808]
  0x000001b1e0dd6000 ConcurrentGCThread "G1 Main Marker" [stack: 0x0000005108d00000,0x0000005108e00000] [id=12100]
  0x000001b1e0dd7800 ConcurrentGCThread "G1 Conc#0" [stack: 0x0000005108e00000,0x0000005108f00000] [id=15292]
  0x000001b1e0e6d000 ConcurrentGCThread "G1 Refine#0" [stack: 0x0000005108f00000,0x0000005109000000] [id=17596]
  0x000001b1e0e6e800 ConcurrentGCThread "G1 Young RemSet Sampling" [stack: 0x0000005109000000,0x0000005109100000] [id=13324]

Threads with active compile tasks:
C2 CompilerThread0 122707 15500   !   4       java.util.concurrent.LinkedBlockingQueue::poll (128 bytes)

VM state:not at safepoint (normal execution)

VM Mutex/Monitor currently owned by a thread: None

Heap address: 0x0000000080000000, size: 2048 MB, Compressed Oops mode: 32-bit
Narrow klass base: 0x0000000000000000, Narrow klass shift: 3
Compressed class space size: 1073741824 Address: 0x0000000100000000

Heap:
 garbage-first heap   total 225280K, used 145152K [0x0000000080000000, 0x0000000100000000)
  region size 1024K, 32 young (32768K), 2 survivors (2048K)
 Metaspace       used 113140K, capacity 115707K, committed 115932K, reserved 1150976K
  class space    used 13994K, capacity 14910K, committed 15008K, reserved 1048576K
Heap Regions: E=young(eden), S=young(survivor), O=old, HS=humongous(starts), HC=humongous(continues), CS=collection set, F=free, A=archive, TAMS=top-at-mark-start (previous, next)
|   0|0x0000000080000000, 0x0000000080100000, 0x0000000080100000|100%|HS|  |TAMS 0x0000000080100000, 0x0000000080000000| Complete 
|   1|0x0000000080100000, 0x0000000080200000, 0x0000000080200000|100%|HC|  |TAMS 0x0000000080200000, 0x0000000080100000| Complete 
|   2|0x0000000080200000, 0x0000000080300000, 0x0000000080300000|100%|HC|  |TAMS 0x0000000080300000, 0x0000000080200000| Complete 
|   3|0x0000000080300000, 0x0000000080400000, 0x0000000080400000|100%| O|  |TAMS 0x0000000080400000, 0x0000000080300000| Untracked 
|   4|0x0000000080400000, 0x0000000080500000, 0x0000000080500000|100%| O|  |TAMS 0x0000000080500000, 0x0000000080400000| Untracked 
|   5|0x0000000080500000, 0x0000000080600000, 0x0000000080600000|100%| O|  |TAMS 0x0000000080600000, 0x0000000080500000| Untracked 
|   6|0x0000000080600000, 0x0000000080700000, 0x0000000080700000|100%| O|  |TAMS 0x0000000080700000, 0x0000000080600000| Untracked 
|   7|0x0000000080700000, 0x0000000080800000, 0x0000000080800000|100%| O|  |TAMS 0x0000000080800000, 0x0000000080700000| Untracked 
|   8|0x0000000080800000, 0x0000000080900000, 0x0000000080900000|100%| O|  |TAMS 0x0000000080900000, 0x0000000080800000| Untracked 
|   9|0x0000000080900000, 0x0000000080a00000, 0x0000000080a00000|100%| O|  |TAMS 0x0000000080a00000, 0x0000000080900000| Untracked 
|  10|0x0000000080a00000, 0x0000000080b00000, 0x0000000080b00000|100%| O|  |TAMS 0x0000000080b00000, 0x0000000080a00000| Untracked 
|  11|0x0000000080b00000, 0x0000000080c00000, 0x0000000080c00000|100%| O|  |TAMS 0x0000000080c00000, 0x0000000080b00000| Untracked 
|  12|0x0000000080c00000, 0x0000000080d00000, 0x0000000080d00000|100%| O|  |TAMS 0x0000000080d00000, 0x0000000080c00000| Untracked 
|  13|0x0000000080d00000, 0x0000000080e00000, 0x0000000080e00000|100%| O|  |TAMS 0x0000000080e00000, 0x0000000080d00000| Untracked 
|  14|0x0000000080e00000, 0x0000000080f00000, 0x0000000080f00000|100%| O|  |TAMS 0x0000000080f00000, 0x0000000080e00000| Untracked 
|  15|0x0000000080f00000, 0x0000000081000000, 0x0000000081000000|100%|HS|  |TAMS 0x0000000081000000, 0x0000000080f00000| Complete 
|  16|0x0000000081000000, 0x0000000081100000, 0x0000000081100000|100%| O|  |TAMS 0x0000000081100000, 0x0000000081000000| Untracked 
|  17|0x0000000081100000, 0x0000000081200000, 0x0000000081200000|100%| O|  |TAMS 0x0000000081200000, 0x0000000081100000| Untracked 
|  18|0x0000000081200000, 0x0000000081300000, 0x0000000081300000|100%| O|  |TAMS 0x0000000081300000, 0x0000000081200000| Untracked 
|  19|0x0000000081300000, 0x0000000081400000, 0x0000000081400000|100%| O|  |TAMS 0x0000000081400000, 0x0000000081300000| Untracked 
|  20|0x0000000081400000, 0x0000000081500000, 0x0000000081500000|100%| O|  |TAMS 0x0000000081500000, 0x0000000081400000| Untracked 
|  21|0x0000000081500000, 0x0000000081600000, 0x0000000081600000|100%| O|  |TAMS 0x0000000081600000, 0x0000000081500000| Untracked 
|  22|0x0000000081600000, 0x0000000081700000, 0x0000000081700000|100%| O|  |TAMS 0x0000000081700000, 0x0000000081600000| Untracked 
|  23|0x0000000081700000, 0x0000000081800000, 0x0000000081800000|100%|HS|  |TAMS 0x0000000081800000, 0x0000000081700000| Complete 
|  24|0x0000000081800000, 0x0000000081900000, 0x0000000081900000|100%|HS|  |TAMS 0x0000000081900000, 0x0000000081800000| Complete 
|  25|0x0000000081900000, 0x0000000081a00000, 0x0000000081a00000|100%|HS|  |TAMS 0x0000000081a00000, 0x0000000081900000| Complete 
|  26|0x0000000081a00000, 0x0000000081b00000, 0x0000000081b00000|100%|HC|  |TAMS 0x0000000081b00000, 0x0000000081a00000| Complete 
|  27|0x0000000081b00000, 0x0000000081c00000, 0x0000000081c00000|100%|HC|  |TAMS 0x0000000081c00000, 0x0000000081b00000| Complete 
|  28|0x0000000081c00000, 0x0000000081d00000, 0x0000000081d00000|100%| O|  |TAMS 0x0000000081d00000, 0x0000000081c00000| Untracked 
|  29|0x0000000081d00000, 0x0000000081e00000, 0x0000000081e00000|100%|HS|  |TAMS 0x0000000081e00000, 0x0000000081d00000| Complete 
|  30|0x0000000081e00000, 0x0000000081f00000, 0x0000000081f00000|100%|HC|  |TAMS 0x0000000081f00000, 0x0000000081e00000| Complete 
|  31|0x0000000081f00000, 0x0000000082000000, 0x0000000082000000|100%| O|  |TAMS 0x0000000082000000, 0x0000000081f00000| Untracked 
|  32|0x0000000082000000, 0x0000000082100000, 0x0000000082100000|100%| O|  |TAMS 0x0000000082100000, 0x0000000082000000| Untracked 
|  33|0x0000000082100000, 0x0000000082200000, 0x0000000082200000|100%| O|  |TAMS 0x0000000082200000, 0x0000000082100000| Untracked 
|  34|0x0000000082200000, 0x0000000082300000, 0x0000000082300000|100%| O|  |TAMS 0x0000000082300000, 0x0000000082200000| Untracked 
|  35|0x0000000082300000, 0x0000000082400000, 0x0000000082400000|100%| O|  |TAMS 0x0000000082400000, 0x0000000082300000| Untracked 
|  36|0x0000000082400000, 0x0000000082500000, 0x0000000082500000|100%| O|  |TAMS 0x0000000082500000, 0x0000000082400000| Untracked 
|  37|0x0000000082500000, 0x0000000082600000, 0x0000000082600000|100%| O|  |TAMS 0x0000000082600000, 0x0000000082500000| Untracked 
|  38|0x0000000082600000, 0x0000000082700000, 0x0000000082700000|100%| O|  |TAMS 0x0000000082700000, 0x0000000082600000| Untracked 
|  39|0x0000000082700000, 0x0000000082800000, 0x0000000082800000|100%| O|  |TAMS 0x0000000082800000, 0x0000000082700000| Untracked 
|  40|0x0000000082800000, 0x0000000082900000, 0x0000000082900000|100%| O|  |TAMS 0x0000000082900000, 0x0000000082800000| Untracked 
|  41|0x0000000082900000, 0x0000000082a00000, 0x0000000082a00000|100%| O|  |TAMS 0x0000000082a00000, 0x0000000082900000| Untracked 
|  42|0x0000000082a00000, 0x0000000082b00000, 0x0000000082b00000|100%| O|  |TAMS 0x0000000082b00000, 0x0000000082a00000| Untracked 
|  43|0x0000000082b00000, 0x0000000082c00000, 0x0000000082c00000|100%| O|  |TAMS 0x0000000082c00000, 0x0000000082b00000| Untracked 
|  44|0x0000000082c00000, 0x0000000082d00000, 0x0000000082d00000|100%| O|  |TAMS 0x0000000082d00000, 0x0000000082c00000| Untracked 
|  45|0x0000000082d00000, 0x0000000082e00000, 0x0000000082e00000|100%| O|  |TAMS 0x0000000082e00000, 0x0000000082d00000| Untracked 
|  46|0x0000000082e00000, 0x0000000082f00000, 0x0000000082f00000|100%| O|  |TAMS 0x0000000082f00000, 0x0000000082e00000| Untracked 
|  47|0x0000000082f00000, 0x0000000083000000, 0x0000000083000000|100%| O|  |TAMS 0x0000000083000000, 0x0000000082f00000| Untracked 
|  48|0x0000000083000000, 0x0000000083100000, 0x0000000083100000|100%| O|  |TAMS 0x0000000083100000, 0x0000000083000000| Untracked 
|  49|0x0000000083100000, 0x0000000083200000, 0x0000000083200000|100%| O|  |TAMS 0x0000000083200000, 0x0000000083100000| Untracked 
|  50|0x0000000083200000, 0x0000000083300000, 0x0000000083300000|100%| O|  |TAMS 0x0000000083300000, 0x0000000083200000| Untracked 
|  51|0x0000000083300000, 0x0000000083400000, 0x0000000083400000|100%| O|  |TAMS 0x0000000083400000, 0x0000000083300000| Untracked 
|  52|0x0000000083400000, 0x0000000083500000, 0x0000000083500000|100%| O|  |TAMS 0x0000000083500000, 0x0000000083400000| Untracked 
|  53|0x0000000083500000, 0x0000000083600000, 0x0000000083600000|100%| O|  |TAMS 0x0000000083600000, 0x0000000083500000| Untracked 
|  54|0x0000000083600000, 0x0000000083700000, 0x0000000083700000|100%| O|  |TAMS 0x0000000083700000, 0x0000000083600000| Untracked 
|  55|0x0000000083700000, 0x0000000083800000, 0x0000000083800000|100%| O|  |TAMS 0x0000000083800000, 0x0000000083700000| Untracked 
|  56|0x0000000083800000, 0x0000000083900000, 0x0000000083900000|100%| O|  |TAMS 0x0000000083900000, 0x0000000083800000| Untracked 
|  57|0x0000000083900000, 0x0000000083a00000, 0x0000000083a00000|100%| O|  |TAMS 0x0000000083a00000, 0x0000000083900000| Untracked 
|  58|0x0000000083a00000, 0x0000000083b00000, 0x0000000083b00000|100%| O|  |TAMS 0x0000000083b00000, 0x0000000083a00000| Untracked 
|  59|0x0000000083b00000, 0x0000000083c00000, 0x0000000083c00000|100%| O|  |TAMS 0x0000000083c00000, 0x0000000083b00000| Untracked 
|  60|0x0000000083c00000, 0x0000000083d00000, 0x0000000083d00000|100%| O|  |TAMS 0x0000000083d00000, 0x0000000083c00000| Untracked 
|  61|0x0000000083d00000, 0x0000000083e00000, 0x0000000083e00000|100%| O|  |TAMS 0x0000000083e00000, 0x0000000083d00000| Untracked 
|  62|0x0000000083e00000, 0x0000000083f00000, 0x0000000083f00000|100%| O|  |TAMS 0x0000000083f00000, 0x0000000083e00000| Untracked 
|  63|0x0000000083f00000, 0x0000000084000000, 0x0000000084000000|100%| O|  |TAMS 0x0000000084000000, 0x0000000083f00000| Untracked 
|  64|0x0000000084000000, 0x0000000084100000, 0x0000000084100000|100%| O|  |TAMS 0x0000000084100000, 0x0000000084000000| Untracked 
|  65|0x0000000084100000, 0x0000000084200000, 0x0000000084200000|100%| O|  |TAMS 0x0000000084200000, 0x0000000084100000| Untracked 
|  66|0x0000000084200000, 0x0000000084300000, 0x0000000084300000|100%| O|  |TAMS 0x0000000084300000, 0x0000000084200000| Untracked 
|  67|0x0000000084300000, 0x0000000084400000, 0x0000000084400000|100%| O|  |TAMS 0x0000000084400000, 0x0000000084300000| Untracked 
|  68|0x0000000084400000, 0x0000000084500000, 0x0000000084500000|100%| O|  |TAMS 0x0000000084500000, 0x0000000084400000| Untracked 
|  69|0x0000000084500000, 0x0000000084600000, 0x0000000084600000|100%| O|  |TAMS 0x0000000084600000, 0x0000000084500000| Untracked 
|  70|0x0000000084600000, 0x0000000084700000, 0x0000000084700000|100%| O|  |TAMS 0x0000000084700000, 0x0000000084600000| Untracked 
|  71|0x0000000084700000, 0x0000000084800000, 0x0000000084800000|100%| O|  |TAMS 0x0000000084800000, 0x0000000084700000| Untracked 
|  72|0x0000000084800000, 0x0000000084900000, 0x0000000084900000|100%| O|  |TAMS 0x0000000084900000, 0x0000000084800000| Untracked 
|  73|0x0000000084900000, 0x0000000084a00000, 0x0000000084a00000|100%| O|  |TAMS 0x0000000084a00000, 0x0000000084900000| Untracked 
|  74|0x0000000084a00000, 0x0000000084b00000, 0x0000000084b00000|100%| O|  |TAMS 0x0000000084b00000, 0x0000000084a00000| Untracked 
|  75|0x0000000084b00000, 0x0000000084c00000, 0x0000000084c00000|100%| O|  |TAMS 0x0000000084c00000, 0x0000000084b00000| Untracked 
|  76|0x0000000084c00000, 0x0000000084d00000, 0x0000000084d00000|100%| O|  |TAMS 0x0000000084d00000, 0x0000000084c00000| Untracked 
|  77|0x0000000084d00000, 0x0000000084e00000, 0x0000000084e00000|100%| O|  |TAMS 0x0000000084e00000, 0x0000000084d00000| Untracked 
|  78|0x0000000084e00000, 0x0000000084f00000, 0x0000000084f00000|100%| O|  |TAMS 0x0000000084f00000, 0x0000000084e00000| Untracked 
|  79|0x0000000084f00000, 0x0000000085000000, 0x0000000085000000|100%| O|  |TAMS 0x0000000085000000, 0x0000000084f00000| Untracked 
|  80|0x0000000085000000, 0x0000000085100000, 0x0000000085100000|100%| O|  |TAMS 0x0000000085100000, 0x0000000085000000| Untracked 
|  81|0x0000000085100000, 0x0000000085200000, 0x0000000085200000|100%| O|  |TAMS 0x0000000085200000, 0x0000000085100000| Untracked 
|  82|0x0000000085200000, 0x0000000085300000, 0x0000000085300000|100%| O|  |TAMS 0x0000000085300000, 0x0000000085200000| Untracked 
|  83|0x0000000085300000, 0x0000000085400000, 0x0000000085400000|100%| O|  |TAMS 0x0000000085400000, 0x0000000085300000| Untracked 
|  84|0x0000000085400000, 0x0000000085500000, 0x0000000085500000|100%| O|  |TAMS 0x0000000085400000, 0x0000000085400000| Untracked 
|  85|0x0000000085500000, 0x0000000085600000, 0x0000000085600000|100%| O|  |TAMS 0x0000000085500000, 0x0000000085500000| Untracked 
|  86|0x0000000085600000, 0x0000000085700000, 0x0000000085700000|100%| O|  |TAMS 0x0000000085700000, 0x0000000085600000| Untracked 
|  87|0x0000000085700000, 0x0000000085800000, 0x0000000085800000|100%| O|  |TAMS 0x0000000085800000, 0x0000000085700000| Untracked 
|  88|0x0000000085800000, 0x0000000085900000, 0x0000000085900000|100%| O|  |TAMS 0x0000000085900000, 0x0000000085800000| Untracked 
|  89|0x0000000085900000, 0x0000000085a00000, 0x0000000085a00000|100%| O|  |TAMS 0x0000000085a00000, 0x0000000085900000| Untracked 
|  90|0x0000000085a00000, 0x0000000085b00000, 0x0000000085b00000|100%| O|  |TAMS 0x0000000085a00000, 0x0000000085a00000| Untracked 
|  91|0x0000000085b00000, 0x0000000085c00000, 0x0000000085c00000|100%| O|  |TAMS 0x0000000085c00000, 0x0000000085b00000| Untracked 
|  92|0x0000000085c00000, 0x0000000085d00000, 0x0000000085d00000|100%| O|  |TAMS 0x0000000085d00000, 0x0000000085c00000| Untracked 
|  93|0x0000000085d00000, 0x0000000085e00000, 0x0000000085e00000|100%| O|  |TAMS 0x0000000085e00000, 0x0000000085d00000| Untracked 
|  94|0x0000000085e00000, 0x0000000085f00000, 0x0000000085f00000|100%| O|  |TAMS 0x0000000085f00000, 0x0000000085e00000| Untracked 
|  95|0x0000000085f00000, 0x0000000086000000, 0x0000000086000000|100%| O|  |TAMS 0x0000000086000000, 0x0000000085f00000| Untracked 
|  96|0x0000000086000000, 0x0000000086100000, 0x0000000086100000|100%| O|  |TAMS 0x0000000086100000, 0x0000000086000000| Untracked 
|  97|0x0000000086100000, 0x0000000086200000, 0x0000000086200000|100%| O|  |TAMS 0x0000000086200000, 0x0000000086100000| Untracked 
|  98|0x0000000086200000, 0x0000000086300000, 0x0000000086300000|100%| O|  |TAMS 0x0000000086300000, 0x0000000086200000| Untracked 
|  99|0x0000000086300000, 0x0000000086400000, 0x0000000086400000|100%| O|  |TAMS 0x0000000086400000, 0x0000000086300000| Untracked 
| 100|0x0000000086400000, 0x0000000086500000, 0x0000000086500000|100%| O|  |TAMS 0x0000000086400000, 0x0000000086400000| Untracked 
| 101|0x0000000086500000, 0x0000000086600000, 0x0000000086600000|100%| O|  |TAMS 0x0000000086600000, 0x0000000086500000| Untracked 
| 102|0x0000000086600000, 0x0000000086600000, 0x0000000086700000|  0%| F|  |TAMS 0x0000000086600000, 0x0000000086600000| Untracked 
| 103|0x0000000086700000, 0x0000000086700000, 0x0000000086800000|  0%| F|  |TAMS 0x0000000086700000, 0x0000000086700000| Untracked 
| 104|0x0000000086800000, 0x0000000086900000, 0x0000000086900000|100%| O|  |TAMS 0x0000000086900000, 0x0000000086800000| Untracked 
| 105|0x0000000086900000, 0x0000000086a00000, 0x0000000086a00000|100%| O|  |TAMS 0x0000000086a00000, 0x0000000086900000| Untracked 
| 106|0x0000000086a00000, 0x0000000086b00000, 0x0000000086b00000|100%| O|  |TAMS 0x0000000086a55000, 0x0000000086a00000| Untracked 
| 107|0x0000000086b00000, 0x0000000086c00000, 0x0000000086c00000|100%| O|  |TAMS 0x0000000086b00000, 0x0000000086b00000| Untracked 
| 108|0x0000000086c00000, 0x0000000086d00000, 0x0000000086d00000|100%| O|  |TAMS 0x0000000086c00000, 0x0000000086c00000| Untracked 
| 109|0x0000000086d00000, 0x0000000086e00000, 0x0000000086e00000|100%| O|  |TAMS 0x0000000086d00000, 0x0000000086d00000| Untracked 
| 110|0x0000000086e00000, 0x0000000086f00000, 0x0000000086f00000|100%| O|  |TAMS 0x0000000086e00000, 0x0000000086e00000| Untracked 
| 111|0x0000000086f00000, 0x0000000087000000, 0x0000000087000000|100%| O|  |TAMS 0x0000000086f00000, 0x0000000086f00000| Untracked 
| 112|0x0000000087000000, 0x00000000870fee00, 0x0000000087100000| 99%| O|  |TAMS 0x0000000087000000, 0x0000000087000000| Untracked 
| 113|0x0000000087100000, 0x0000000087100000, 0x0000000087200000|  0%| F|  |TAMS 0x0000000087100000, 0x0000000087100000| Untracked 
| 114|0x0000000087200000, 0x0000000087200000, 0x0000000087300000|  0%| F|  |TAMS 0x0000000087200000, 0x0000000087200000| Untracked 
| 115|0x0000000087300000, 0x0000000087300000, 0x0000000087400000|  0%| F|  |TAMS 0x0000000087300000, 0x0000000087300000| Untracked 
| 116|0x0000000087400000, 0x0000000087400000, 0x0000000087500000|  0%| F|  |TAMS 0x0000000087400000, 0x0000000087400000| Untracked 
| 117|0x0000000087500000, 0x0000000087500000, 0x0000000087600000|  0%| F|  |TAMS 0x0000000087500000, 0x0000000087500000| Untracked 
| 118|0x0000000087600000, 0x0000000087600000, 0x0000000087700000|  0%| F|  |TAMS 0x0000000087600000, 0x0000000087600000| Untracked 
| 119|0x0000000087700000, 0x0000000087800000, 0x0000000087800000|100%| O|  |TAMS 0x0000000087800000, 0x0000000087700000| Untracked 
| 120|0x0000000087800000, 0x0000000087800000, 0x0000000087900000|  0%| F|  |TAMS 0x0000000087800000, 0x0000000087800000| Untracked 
| 121|0x0000000087900000, 0x0000000087900000, 0x0000000087a00000|  0%| F|  |TAMS 0x0000000087900000, 0x0000000087900000| Untracked 
| 122|0x0000000087a00000, 0x0000000087a00000, 0x0000000087b00000|  0%| F|  |TAMS 0x0000000087a00000, 0x0000000087a00000| Untracked 
| 123|0x0000000087b00000, 0x0000000087b00000, 0x0000000087c00000|  0%| F|  |TAMS 0x0000000087b00000, 0x0000000087b00000| Untracked 
| 124|0x0000000087c00000, 0x0000000087c00000, 0x0000000087d00000|  0%| F|  |TAMS 0x0000000087c00000, 0x0000000087c00000| Untracked 
| 125|0x0000000087d00000, 0x0000000087d00000, 0x0000000087e00000|  0%| F|  |TAMS 0x0000000087d00000, 0x0000000087d00000| Untracked 
| 126|0x0000000087e00000, 0x0000000087e00000, 0x0000000087f00000|  0%| F|  |TAMS 0x0000000087e00000, 0x0000000087e00000| Untracked 
| 127|0x0000000087f00000, 0x0000000087f00000, 0x0000000088000000|  0%| F|  |TAMS 0x0000000087f00000, 0x0000000087f00000| Untracked 
| 128|0x0000000088000000, 0x0000000088000000, 0x0000000088100000|  0%| F|  |TAMS 0x0000000088000000, 0x0000000088000000| Untracked 
| 129|0x0000000088100000, 0x0000000088100000, 0x0000000088200000|  0%| F|  |TAMS 0x0000000088100000, 0x0000000088100000| Untracked 
| 130|0x0000000088200000, 0x0000000088200000, 0x0000000088300000|  0%| F|  |TAMS 0x0000000088200000, 0x0000000088200000| Untracked 
| 131|0x0000000088300000, 0x0000000088300000, 0x0000000088400000|  0%| F|  |TAMS 0x0000000088300000, 0x0000000088300000| Untracked 
| 132|0x0000000088400000, 0x0000000088400000, 0x0000000088500000|  0%| F|  |TAMS 0x0000000088400000, 0x0000000088400000| Untracked 
| 133|0x0000000088500000, 0x0000000088500000, 0x0000000088600000|  0%| F|  |TAMS 0x0000000088500000, 0x0000000088500000| Untracked 
| 134|0x0000000088600000, 0x0000000088600000, 0x0000000088700000|  0%| F|  |TAMS 0x0000000088600000, 0x0000000088600000| Untracked 
| 135|0x0000000088700000, 0x0000000088700000, 0x0000000088800000|  0%| F|  |TAMS 0x0000000088700000, 0x0000000088700000| Untracked 
| 136|0x0000000088800000, 0x0000000088800000, 0x0000000088900000|  0%| F|  |TAMS 0x0000000088800000, 0x0000000088800000| Untracked 
| 137|0x0000000088900000, 0x0000000088900000, 0x0000000088a00000|  0%| F|  |TAMS 0x0000000088900000, 0x0000000088900000| Untracked 
| 138|0x0000000088a00000, 0x0000000088a00000, 0x0000000088b00000|  0%| F|  |TAMS 0x0000000088a00000, 0x0000000088a00000| Untracked 
| 139|0x0000000088b00000, 0x0000000088b00000, 0x0000000088c00000|  0%| F|  |TAMS 0x0000000088b00000, 0x0000000088b00000| Untracked 
| 140|0x0000000088c00000, 0x0000000088c00000, 0x0000000088d00000|  0%| F|  |TAMS 0x0000000088c00000, 0x0000000088c00000| Untracked 
| 141|0x0000000088d00000, 0x0000000088d00000, 0x0000000088e00000|  0%| F|  |TAMS 0x0000000088d00000, 0x0000000088d00000| Untracked 
| 142|0x0000000088e00000, 0x0000000088e00000, 0x0000000088f00000|  0%| F|  |TAMS 0x0000000088e00000, 0x0000000088e00000| Untracked 
| 143|0x0000000088f00000, 0x0000000088f00000, 0x0000000089000000|  0%| F|  |TAMS 0x0000000088f00000, 0x0000000088f00000| Untracked 
| 144|0x0000000089000000, 0x0000000089000000, 0x0000000089100000|  0%| F|  |TAMS 0x0000000089000000, 0x0000000089000000| Untracked 
| 145|0x0000000089100000, 0x0000000089100000, 0x0000000089200000|  0%| F|  |TAMS 0x0000000089100000, 0x0000000089100000| Untracked 
| 146|0x0000000089200000, 0x0000000089200000, 0x0000000089300000|  0%| F|  |TAMS 0x0000000089200000, 0x0000000089200000| Untracked 
| 147|0x0000000089300000, 0x0000000089300000, 0x0000000089400000|  0%| F|  |TAMS 0x0000000089300000, 0x0000000089300000| Untracked 
| 148|0x0000000089400000, 0x0000000089400000, 0x0000000089500000|  0%| F|  |TAMS 0x0000000089400000, 0x0000000089400000| Untracked 
| 149|0x0000000089500000, 0x0000000089500000, 0x0000000089600000|  0%| F|  |TAMS 0x0000000089500000, 0x0000000089500000| Untracked 
| 150|0x0000000089600000, 0x0000000089600000, 0x0000000089700000|  0%| F|  |TAMS 0x0000000089600000, 0x0000000089600000| Untracked 
| 151|0x0000000089700000, 0x0000000089700000, 0x0000000089800000|  0%| F|  |TAMS 0x0000000089700000, 0x0000000089700000| Untracked 
| 152|0x0000000089800000, 0x0000000089800000, 0x0000000089900000|  0%| F|  |TAMS 0x0000000089800000, 0x0000000089800000| Untracked 
| 153|0x0000000089900000, 0x0000000089900000, 0x0000000089a00000|  0%| F|  |TAMS 0x0000000089900000, 0x0000000089900000| Untracked 
| 154|0x0000000089a00000, 0x0000000089a00000, 0x0000000089b00000|  0%| F|  |TAMS 0x0000000089a00000, 0x0000000089a00000| Untracked 
| 155|0x0000000089b00000, 0x0000000089b00000, 0x0000000089c00000|  0%| F|  |TAMS 0x0000000089b00000, 0x0000000089b00000| Untracked 
| 156|0x0000000089c00000, 0x0000000089c00000, 0x0000000089d00000|  0%| F|  |TAMS 0x0000000089c00000, 0x0000000089c00000| Untracked 
| 157|0x0000000089d00000, 0x0000000089d00000, 0x0000000089e00000|  0%| F|  |TAMS 0x0000000089d00000, 0x0000000089d00000| Untracked 
| 158|0x0000000089e00000, 0x0000000089e00000, 0x0000000089f00000|  0%| F|  |TAMS 0x0000000089e00000, 0x0000000089e00000| Untracked 
| 159|0x0000000089f00000, 0x0000000089f00000, 0x000000008a000000|  0%| F|  |TAMS 0x0000000089f00000, 0x0000000089f00000| Untracked 
| 160|0x000000008a000000, 0x000000008a000000, 0x000000008a100000|  0%| F|  |TAMS 0x000000008a000000, 0x000000008a000000| Untracked 
| 161|0x000000008a100000, 0x000000008a100000, 0x000000008a200000|  0%| F|  |TAMS 0x000000008a100000, 0x000000008a100000| Untracked 
| 162|0x000000008a200000, 0x000000008a200000, 0x000000008a300000|  0%| F|  |TAMS 0x000000008a200000, 0x000000008a200000| Untracked 
| 163|0x000000008a300000, 0x000000008a300000, 0x000000008a400000|  0%| F|  |TAMS 0x000000008a300000, 0x000000008a300000| Untracked 
| 164|0x000000008a400000, 0x000000008a400000, 0x000000008a500000|  0%| F|  |TAMS 0x000000008a400000, 0x000000008a400000| Untracked 
| 165|0x000000008a500000, 0x000000008a500000, 0x000000008a600000|  0%| F|  |TAMS 0x000000008a500000, 0x000000008a500000| Untracked 
| 166|0x000000008a600000, 0x000000008a600000, 0x000000008a700000|  0%| F|  |TAMS 0x000000008a600000, 0x000000008a600000| Untracked 
| 167|0x000000008a700000, 0x000000008a700000, 0x000000008a800000|  0%| F|  |TAMS 0x000000008a700000, 0x000000008a700000| Untracked 
| 168|0x000000008a800000, 0x000000008a800000, 0x000000008a900000|  0%| F|  |TAMS 0x000000008a800000, 0x000000008a800000| Untracked 
| 169|0x000000008a900000, 0x000000008a900000, 0x000000008aa00000|  0%| F|  |TAMS 0x000000008a900000, 0x000000008a900000| Untracked 
| 170|0x000000008aa00000, 0x000000008aa00000, 0x000000008ab00000|  0%| F|  |TAMS 0x000000008aa00000, 0x000000008aa00000| Untracked 
| 171|0x000000008ab00000, 0x000000008ab00000, 0x000000008ac00000|  0%| F|  |TAMS 0x000000008ab00000, 0x000000008ab00000| Untracked 
| 172|0x000000008ac00000, 0x000000008ac00000, 0x000000008ad00000|  0%| F|  |TAMS 0x000000008ac00000, 0x000000008ac00000| Untracked 
| 173|0x000000008ad00000, 0x000000008ad00000, 0x000000008ae00000|  0%| F|  |TAMS 0x000000008ad00000, 0x000000008ad00000| Untracked 
| 174|0x000000008ae00000, 0x000000008ae00000, 0x000000008af00000|  0%| F|  |TAMS 0x000000008ae00000, 0x000000008ae00000| Untracked 
| 175|0x000000008af00000, 0x000000008af00000, 0x000000008b000000|  0%| F|  |TAMS 0x000000008af00000, 0x000000008af00000| Untracked 
| 176|0x000000008b000000, 0x000000008b000000, 0x000000008b100000|  0%| F|  |TAMS 0x000000008b000000, 0x000000008b000000| Untracked 
| 177|0x000000008b100000, 0x000000008b100000, 0x000000008b200000|  0%| F|  |TAMS 0x000000008b100000, 0x000000008b100000| Untracked 
| 178|0x000000008b200000, 0x000000008b200000, 0x000000008b300000|  0%| F|  |TAMS 0x000000008b200000, 0x000000008b200000| Untracked 
| 179|0x000000008b300000, 0x000000008b300000, 0x000000008b400000|  0%| F|  |TAMS 0x000000008b300000, 0x000000008b300000| Untracked 
| 180|0x000000008b400000, 0x000000008b400000, 0x000000008b500000|  0%| F|  |TAMS 0x000000008b400000, 0x000000008b400000| Untracked 
| 181|0x000000008b500000, 0x000000008b500000, 0x000000008b600000|  0%| F|  |TAMS 0x000000008b500000, 0x000000008b500000| Untracked 
| 182|0x000000008b600000, 0x000000008b600000, 0x000000008b700000|  0%| F|  |TAMS 0x000000008b600000, 0x000000008b600000| Untracked 
| 183|0x000000008b700000, 0x000000008b700000, 0x000000008b800000|  0%| F|  |TAMS 0x000000008b700000, 0x000000008b700000| Untracked 
| 184|0x000000008b800000, 0x000000008b800000, 0x000000008b900000|  0%| F|  |TAMS 0x000000008b800000, 0x000000008b800000| Untracked 
| 185|0x000000008b900000, 0x000000008b900000, 0x000000008ba00000|  0%| F|  |TAMS 0x000000008b900000, 0x000000008b900000| Untracked 
| 186|0x000000008ba00000, 0x000000008ba00000, 0x000000008bb00000|  0%| F|  |TAMS 0x000000008ba00000, 0x000000008ba00000| Untracked 
| 187|0x000000008bb00000, 0x000000008bb00000, 0x000000008bc00000|  0%| F|  |TAMS 0x000000008bb00000, 0x000000008bb00000| Untracked 
| 188|0x000000008bc00000, 0x000000008bce0aa0, 0x000000008bd00000| 87%| E|  |TAMS 0x000000008bc00000, 0x000000008bc00000| Complete 
| 189|0x000000008bd00000, 0x000000008be00000, 0x000000008be00000|100%| E|CS|TAMS 0x000000008bd00000, 0x000000008bd00000| Complete 
| 190|0x000000008be00000, 0x000000008bf00000, 0x000000008bf00000|100%| E|CS|TAMS 0x000000008be00000, 0x000000008be00000| Complete 
| 191|0x000000008bf00000, 0x000000008c000000, 0x000000008c000000|100%| E|CS|TAMS 0x000000008bf00000, 0x000000008bf00000| Complete 
| 192|0x000000008c000000, 0x000000008c100000, 0x000000008c100000|100%| E|CS|TAMS 0x000000008c000000, 0x000000008c000000| Complete 
| 193|0x000000008c100000, 0x000000008c200000, 0x000000008c200000|100%| E|  |TAMS 0x000000008c100000, 0x000000008c100000| Complete 
| 194|0x000000008c200000, 0x000000008c300000, 0x000000008c300000|100%| E|CS|TAMS 0x000000008c200000, 0x000000008c200000| Complete 
| 195|0x000000008c300000, 0x000000008c400000, 0x000000008c400000|100%| E|CS|TAMS 0x000000008c300000, 0x000000008c300000| Complete 
| 196|0x000000008c400000, 0x000000008c500000, 0x000000008c500000|100%| E|CS|TAMS 0x000000008c400000, 0x000000008c400000| Complete 
| 197|0x000000008c500000, 0x000000008c600000, 0x000000008c600000|100%| E|CS|TAMS 0x000000008c500000, 0x000000008c500000| Complete 
| 198|0x000000008c600000, 0x000000008c700000, 0x000000008c700000|100%| E|CS|TAMS 0x000000008c600000, 0x000000008c600000| Complete 
| 199|0x000000008c700000, 0x000000008c800000, 0x000000008c800000|100%| E|CS|TAMS 0x000000008c700000, 0x000000008c700000| Complete 
| 200|0x000000008c800000, 0x000000008c900000, 0x000000008c900000|100%| E|CS|TAMS 0x000000008c800000, 0x000000008c800000| Complete 
| 201|0x000000008c900000, 0x000000008ca00000, 0x000000008ca00000|100%| E|CS|TAMS 0x000000008c900000, 0x000000008c900000| Complete 
| 202|0x000000008ca00000, 0x000000008cb00000, 0x000000008cb00000|100%| E|CS|TAMS 0x000000008ca00000, 0x000000008ca00000| Complete 
| 203|0x000000008cb00000, 0x000000008cc00000, 0x000000008cc00000|100%| E|CS|TAMS 0x000000008cb00000, 0x000000008cb00000| Complete 
| 204|0x000000008cc00000, 0x000000008cd00000, 0x000000008cd00000|100%| E|CS|TAMS 0x000000008cc00000, 0x000000008cc00000| Complete 
| 205|0x000000008cd00000, 0x000000008ce00000, 0x000000008ce00000|100%| E|CS|TAMS 0x000000008cd00000, 0x000000008cd00000| Complete 
| 206|0x000000008ce00000, 0x000000008cf00000, 0x000000008cf00000|100%| E|CS|TAMS 0x000000008ce00000, 0x000000008ce00000| Complete 
| 207|0x000000008cf00000, 0x000000008d000000, 0x000000008d000000|100%| E|CS|TAMS 0x000000008cf00000, 0x000000008cf00000| Complete 
| 208|0x000000008d000000, 0x000000008d100000, 0x000000008d100000|100%| E|CS|TAMS 0x000000008d000000, 0x000000008d000000| Complete 
| 209|0x000000008d100000, 0x000000008d200000, 0x000000008d200000|100%| E|CS|TAMS 0x000000008d100000, 0x000000008d100000| Complete 
| 210|0x000000008d200000, 0x000000008d300000, 0x000000008d300000|100%| E|CS|TAMS 0x000000008d200000, 0x000000008d200000| Complete 
| 211|0x000000008d300000, 0x000000008d400000, 0x000000008d400000|100%| E|CS|TAMS 0x000000008d300000, 0x000000008d300000| Complete 
| 212|0x000000008d400000, 0x000000008d500000, 0x000000008d500000|100%| E|CS|TAMS 0x000000008d400000, 0x000000008d400000| Complete 
| 213|0x000000008d500000, 0x000000008d600000, 0x000000008d600000|100%| E|CS|TAMS 0x000000008d500000, 0x000000008d500000| Complete 
| 214|0x000000008d600000, 0x000000008d700000, 0x000000008d700000|100%| E|CS|TAMS 0x000000008d600000, 0x000000008d600000| Complete 
| 215|0x000000008d700000, 0x000000008d800000, 0x000000008d800000|100%| E|CS|TAMS 0x000000008d700000, 0x000000008d700000| Complete 
| 216|0x000000008d800000, 0x000000008d8c15c0, 0x000000008d900000| 75%| S|CS|TAMS 0x000000008d800000, 0x000000008d800000| Complete 
| 217|0x000000008d900000, 0x000000008da00000, 0x000000008da00000|100%| S|CS|TAMS 0x000000008d900000, 0x000000008d900000| Complete 
| 218|0x000000008da00000, 0x000000008db00000, 0x000000008db00000|100%| E|CS|TAMS 0x000000008da00000, 0x000000008da00000| Complete 
| 219|0x000000008db00000, 0x000000008dc00000, 0x000000008dc00000|100%| E|CS|TAMS 0x000000008db00000, 0x000000008db00000| Complete 

Card table byte_map: [0x000001b1f5ac0000,0x000001b1f5ec0000] _byte_map_base: 0x000001b1f56c0000

Marking Bits (Prev, Next): (CMBitMap*) 0x000001b1e0dcd138, (CMBitMap*) 0x000001b1e0dcd170
 Prev Bits: [0x000001b1f62c0000, 0x000001b1f82c0000)
 Next Bits: [0x000001b1f82c0000, 0x000001b1fa2c0000)

Polling page: 0x000001b1e0e70000

Metaspace:

Usage:
  Non-class:     98.43 MB capacity,    96.82 MB ( 98%) used,     1.30 MB (  1%) free+waste,   321.75 KB ( <1%) overhead. 
      Class:     14.56 MB capacity,    13.67 MB ( 94%) used,   775.55 KB (  5%) free+waste,   139.69 KB ( <1%) overhead. 
       Both:    113.00 MB capacity,   110.49 MB ( 98%) used,     2.06 MB (  2%) free+waste,   461.44 KB ( <1%) overhead. 

Virtual space:
  Non-class space:      100.00 MB reserved,      98.56 MB ( 99%) committed 
      Class space:        1.00 GB reserved,      14.66 MB (  1%) committed 
             Both:        1.10 GB reserved,     113.21 MB ( 10%) committed 

Chunk freelists:
   Non-Class:  0 bytes
       Class:  0 bytes
        Both:  0 bytes

MaxMetaspaceSize: 17179869184.00 GB
CompressedClassSpaceSize: 1.00 GB
Initial GC threshold: 20.80 MB
Current GC threshold: 183.69 MB
CDS: off

CodeHeap 'non-profiled nmethods': size=120064Kb used=9663Kb max_used=9663Kb free=110400Kb
 bounds [0x000001b1edb60000, 0x000001b1ee4d0000, 0x000001b1f50a0000]
CodeHeap 'profiled nmethods': size=120000Kb used=34464Kb max_used=34464Kb free=85535Kb
 bounds [0x000001b1e6630000, 0x000001b1e87e0000, 0x000001b1edb60000]
CodeHeap 'non-nmethods': size=5696Kb used=2442Kb max_used=2513Kb free=3253Kb
 bounds [0x000001b1e60a0000, 0x000001b1e6320000, 0x000001b1e6630000]
 total_blobs=16361 nmethods=15384 adapters=888
 compilation: enabled
              stopped_count=0, restarted_count=0
 full_count=0

Compilation events (20 events):
Event: 120.151 Thread 0x000001b1fc930000 nmethod 15490 0x000001b1e87cc490 code [0x000001b1e87cc640, 0x000001b1e87cc788]
Event: 120.172 Thread 0x000001b1fc930000 15491       3       java.io.ObjectInputStream::readShort (8 bytes)
Event: 120.172 Thread 0x000001b1fc930000 nmethod 15491 0x000001b1e87cc890 code [0x000001b1e87cca40, 0x000001b1e87ccb88]
Event: 120.172 Thread 0x000001b1fc930000 15492       3       java.io.ObjectInputStream$BlockDataInputStream::skipBlockData (32 bytes)
Event: 120.173 Thread 0x000001b1fc930000 nmethod 15492 0x000001b1e87ccc90 code [0x000001b1e87cce80, 0x000001b1e87cd178]
Event: 120.187 Thread 0x000001b1fc930000 15493       3       sun.rmi.runtime.Log$LoggerLog::isLoggable (9 bytes)
Event: 120.187 Thread 0x000001b1fc930000 nmethod 15493 0x000001b1e87cd290 code [0x000001b1e87cd440, 0x000001b1e87cd6d8]
Event: 120.194 Thread 0x000001b1fc930000 15495   !   3       java.io.ObjectStreamClass::readNonProxy (407 bytes)
Event: 120.203 Thread 0x000001b1fc930000 nmethod 15495 0x000001b1e87cd810 code [0x000001b1e87cde00, 0x000001b1e87d1118]
Event: 120.203 Thread 0x000001b1fc930000 15497       3       java.io.ObjectInputStream$BlockDataInputStream::currentBlockRemaining (41 bytes)
Event: 120.203 Thread 0x000001b1fc930000 nmethod 15497 0x000001b1e87d2390 code [0x000001b1e87d2560, 0x000001b1e87d27c8]
Event: 120.203 Thread 0x000001b1fc930000 15494       3       java.io.ObjectInputStream::readClassDescriptor (15 bytes)
Event: 120.204 Thread 0x000001b1fc930000 nmethod 15494 0x000001b1e87d2890 code [0x000001b1e87d2a60, 0x000001b1e87d2cc8]
Event: 120.204 Thread 0x000001b1fc930000 15496       3       java.io.ObjectInputStream::isCustomSubclass (21 bytes)
Event: 120.206 Thread 0x000001b1fc930000 nmethod 15496 0x000001b1e87d2e10 code [0x000001b1e87d30e0, 0x000001b1e87d4258]
Event: 120.315 Thread 0x000001b1fc930000 15498       3       java.lang.Thread::setContextClassLoader (27 bytes)
Event: 120.315 Thread 0x000001b1fc930000 nmethod 15498 0x000001b1e87d4790 code [0x000001b1e87d49a0, 0x000001b1e87d4f78]
Event: 120.315 Thread 0x000001b1fc930000 15499   !   3       java.io.ObjectInputStream::readOrdinaryObject (322 bytes)
Event: 120.319 Thread 0x000001b1fc930000 nmethod 15499 0x000001b1e87d5190 code [0x000001b1e87d5640, 0x000001b1e87d7528]
Event: 122.621 Thread 0x000001b1fc92e800 15500   !   4       java.util.concurrent.LinkedBlockingQueue::poll (128 bytes)

GC Heap History (20 events):
Event: 32.556 GC heap before
{Heap before GC invocations=24 (full 0):
 garbage-first heap   total 187392K, used 164864K [0x0000000080000000, 0x0000000100000000)
  region size 1024K, 43 young (44032K), 8 survivors (8192K)
 Metaspace       used 96199K, capacity 98299K, committed 98396K, reserved 1134592K
  class space    used 12179K, capacity 13000K, committed 13088K, reserved 1048576K
}
Event: 32.592 GC heap after
{Heap after GC invocations=25 (full 0):
 garbage-first heap   total 225280K, used 111509K [0x0000000080000000, 0x0000000100000000)
  region size 1024K, 4 young (4096K), 4 survivors (4096K)
 Metaspace       used 96199K, capacity 98299K, committed 98396K, reserved 1134592K
  class space    used 12179K, capacity 13000K, committed 13088K, reserved 1048576K
}
Event: 33.893 GC heap before
{Heap before GC invocations=25 (full 0):
 garbage-first heap   total 225280K, used 160661K [0x0000000080000000, 0x0000000100000000)
  region size 1024K, 53 young (54272K), 4 survivors (4096K)
 Metaspace       used 97566K, capacity 99730K, committed 100060K, reserved 1136640K
  class space    used 12315K, capacity 13114K, committed 13216K, reserved 1048576K
}
Event: 33.919 GC heap after
{Heap after GC invocations=26 (full 0):
 garbage-first heap   total 225280K, used 117645K [0x0000000080000000, 0x0000000100000000)
  region size 1024K, 7 young (7168K), 7 survivors (7168K)
 Metaspace       used 97566K, capacity 99730K, committed 100060K, reserved 1136640K
  class space    used 12315K, capacity 13114K, committed 13216K, reserved 1048576K
}
Event: 35.364 GC heap before
{Heap before GC invocations=27 (full 0):
 garbage-first heap   total 225280K, used 155533K [0x0000000080000000, 0x0000000100000000)
  region size 1024K, 56 young (57344K), 7 survivors (7168K)
 Metaspace       used 98959K, capacity 101131K, committed 101212K, reserved 1136640K
  class space    used 12499K, capacity 13316K, committed 13344K, reserved 1048576K
}
Event: 35.395 GC heap after
{Heap after GC invocations=28 (full 0):
 garbage-first heap   total 225280K, used 109167K [0x0000000080000000, 0x0000000100000000)
  region size 1024K, 5 young (5120K), 5 survivors (5120K)
 Metaspace       used 98959K, capacity 101131K, committed 101212K, reserved 1136640K
  class space    used 12499K, capacity 13316K, committed 13344K, reserved 1048576K
}
Event: 35.581 GC heap before
{Heap before GC invocations=28 (full 0):
 garbage-first heap   total 225280K, used 114287K [0x0000000080000000, 0x0000000100000000)
  region size 1024K, 11 young (11264K), 5 survivors (5120K)
 Metaspace       used 99367K, capacity 101579K, committed 101852K, reserved 1138688K
  class space    used 12553K, capacity 13380K, committed 13472K, reserved 1048576K
}
Event: 35.598 GC heap after
{Heap after GC invocations=29 (full 0):
 garbage-first heap   total 225280K, used 102734K [0x0000000080000000, 0x0000000100000000)
  region size 1024K, 1 young (1024K), 1 survivors (1024K)
 Metaspace       used 99367K, capacity 101579K, committed 101852K, reserved 1138688K
  class space    used 12553K, capacity 13380K, committed 13472K, reserved 1048576K
}
Event: 37.038 GC heap before
{Heap before GC invocations=29 (full 0):
 garbage-first heap   total 225280K, used 161102K [0x0000000080000000, 0x0000000100000000)
  region size 1024K, 59 young (60416K), 1 survivors (1024K)
 Metaspace       used 101874K, capacity 104031K, committed 104156K, reserved 1140736K
  class space    used 12834K, capacity 13681K, committed 13728K, reserved 1048576K
}
Event: 37.053 GC heap after
{Heap after GC invocations=30 (full 0):
 garbage-first heap   total 225280K, used 107865K [0x0000000080000000, 0x0000000100000000)
  region size 1024K, 6 young (6144K), 6 survivors (6144K)
 Metaspace       used 101874K, capacity 104031K, committed 104156K, reserved 1140736K
  class space    used 12834K, capacity 13681K, committed 13728K, reserved 1048576K
}
Event: 43.265 GC heap before
{Heap before GC invocations=31 (full 0):
 garbage-first heap   total 225280K, used 166233K [0x0000000080000000, 0x0000000100000000)
  region size 1024K, 64 young (65536K), 6 survivors (6144K)
 Metaspace       used 103024K, capacity 105195K, committed 105308K, reserved 1140736K
  class space    used 12961K, capacity 13789K, committed 13856K, reserved 1048576K
}
Event: 43.286 GC heap after
{Heap after GC invocations=32 (full 0):
 garbage-first heap   total 225280K, used 110138K [0x0000000080000000, 0x0000000100000000)
  region size 1024K, 4 young (4096K), 4 survivors (4096K)
 Metaspace       used 103024K, capacity 105195K, committed 105308K, reserved 1140736K
  class space    used 12961K, capacity 13789K, committed 13856K, reserved 1048576K
}
Event: 43.366 GC heap before
{Heap before GC invocations=32 (full 0):
 garbage-first heap   total 225280K, used 116282K [0x0000000080000000, 0x0000000100000000)
  region size 1024K, 11 young (11264K), 4 survivors (4096K)
 Metaspace       used 103474K, capacity 105643K, committed 105820K, reserved 1140736K
  class space    used 13023K, capacity 13853K, committed 13856K, reserved 1048576K
}
Event: 43.378 GC heap after
{Heap after GC invocations=33 (full 0):
 garbage-first heap   total 225280K, used 107784K [0x0000000080000000, 0x0000000100000000)
  region size 1024K, 1 young (1024K), 1 survivors (1024K)
 Metaspace       used 103474K, capacity 105643K, committed 105820K, reserved 1140736K
  class space    used 13023K, capacity 13853K, committed 13856K, reserved 1048576K
}
Event: 73.820 GC heap before
{Heap before GC invocations=33 (full 0):
 garbage-first heap   total 225280K, used 170248K [0x0000000080000000, 0x0000000100000000)
  region size 1024K, 62 young (63488K), 1 survivors (1024K)
 Metaspace       used 108761K, capacity 111248K, committed 111580K, reserved 1146880K
  class space    used 13723K, capacity 14633K, committed 14752K, reserved 1048576K
}
Event: 73.833 GC heap after
{Heap after GC invocations=34 (full 0):
 garbage-first heap   total 225280K, used 111057K [0x0000000080000000, 0x0000000100000000)
  region size 1024K, 5 young (5120K), 5 survivors (5120K)
 Metaspace       used 108761K, capacity 111248K, committed 111580K, reserved 1146880K
  class space    used 13723K, capacity 14633K, committed 14752K, reserved 1048576K
}
Event: 104.894 GC heap before
{Heap before GC invocations=35 (full 0):
 garbage-first heap   total 225280K, used 172497K [0x0000000080000000, 0x0000000100000000)
  region size 1024K, 66 young (67584K), 5 survivors (5120K)
 Metaspace       used 112855K, capacity 115390K, committed 115676K, reserved 1150976K
  class space    used 13989K, capacity 14900K, committed 15008K, reserved 1048576K
}
Event: 104.927 GC heap after
{Heap after GC invocations=36 (full 0):
 garbage-first heap   total 225280K, used 117394K [0x0000000080000000, 0x0000000100000000)
  region size 1024K, 9 young (9216K), 9 survivors (9216K)
 Metaspace       used 112855K, capacity 115390K, committed 115676K, reserved 1150976K
  class space    used 13989K, capacity 14900K, committed 15008K, reserved 1048576K
}
Event: 104.989 GC heap before
{Heap before GC invocations=36 (full 0):
 garbage-first heap   total 225280K, used 119442K [0x0000000080000000, 0x0000000100000000)
  region size 1024K, 11 young (11264K), 9 survivors (9216K)
 Metaspace       used 112865K, capacity 115390K, committed 115676K, reserved 1150976K
  class space    used 13989K, capacity 14900K, committed 15008K, reserved 1048576K
}
Event: 105.015 GC heap after
{Heap after GC invocations=37 (full 0):
 garbage-first heap   total 225280K, used 116480K [0x0000000080000000, 0x0000000100000000)
  region size 1024K, 2 young (2048K), 2 survivors (2048K)
 Metaspace       used 112865K, capacity 115390K, committed 115676K, reserved 1150976K
  class space    used 13989K, capacity 14900K, committed 15008K, reserved 1048576K
}

Deoptimization events (20 events):
Event: 105.663 Thread 0x000001b184aba800 DEOPT PACKING pc=0x000001b1ee454f74 sp=0x000000510eafd280
Event: 105.663 Thread 0x000001b184aba800 DEOPT UNPACKING pc=0x000001b1e60ea1af sp=0x000000510eafd230 mode 2
Event: 105.705 Thread 0x000001b184aba800 Uncommon trap: trap_request=0xffffffde fr.pc=0x000001b1ee28b984 relative=0x0000000000003924
Event: 105.705 Thread 0x000001b184aba800 Uncommon trap: reason=class_check action=maybe_recompile pc=0x000001b1ee28b984 method=org.gradle.internal.snapshot.impl.AbstractValueProcessor.processValue(Ljava/lang/Object;Lorg/gradle/internal/snapshot/impl/AbstractValueProcessor$ValueVisitor;)Ljava/lan
Event: 105.705 Thread 0x000001b184aba800 DEOPT PACKING pc=0x000001b1ee28b984 sp=0x000000510eafccd0
Event: 105.706 Thread 0x000001b184aba800 DEOPT UNPACKING pc=0x000001b1e60ea1af sp=0x000000510eafccd0 mode 2
Event: 105.713 Thread 0x000001b184aba800 Uncommon trap: trap_request=0xffffffd6 fr.pc=0x000001b1ee454f74 relative=0x0000000000000ab4
Event: 105.713 Thread 0x000001b184aba800 Uncommon trap: reason=array_check action=maybe_recompile pc=0x000001b1ee454f74 method=com.google.common.collect.RegularImmutableMap.fromEntryArray(I[Ljava/util/Map$Entry;)Lcom/google/common/collect/ImmutableMap; @ 157 c2
Event: 105.713 Thread 0x000001b184aba800 DEOPT PACKING pc=0x000001b1ee454f74 sp=0x000000510eafcb50
Event: 105.713 Thread 0x000001b184aba800 DEOPT UNPACKING pc=0x000001b1e60ea1af sp=0x000000510eafcb00 mode 2
Event: 106.123 Thread 0x000001b184ab8000 DEOPT PACKING pc=0x000001b1e6e4e671 sp=0x000000510e9fd9f0
Event: 106.123 Thread 0x000001b184ab8000 DEOPT UNPACKING pc=0x000001b1e60ea95e sp=0x000000510e9fcee8 mode 0
Event: 120.151 Thread 0x000001b184abd000 Uncommon trap: trap_request=0xffffffde fr.pc=0x000001b1ede8ae98 relative=0x0000000000001bf8
Event: 120.152 Thread 0x000001b184abd000 Uncommon trap: reason=class_check action=maybe_recompile pc=0x000001b1ede8ae98 method=java.util.WeakHashMap.eq(Ljava/lang/Object;Ljava/lang/Object;)Z @ 7 c2
Event: 120.152 Thread 0x000001b184abd000 DEOPT PACKING pc=0x000001b1ede8ae98 sp=0x000000510a6fce50
Event: 120.152 Thread 0x000001b184abd000 DEOPT UNPACKING pc=0x000001b1e60ea1af sp=0x000000510a6fcde0 mode 2
Event: 120.172 Thread 0x000001b184abd000 Uncommon trap: trap_request=0xffffffde fr.pc=0x000001b1ee1ea2ac relative=0x000000000000010c
Event: 120.172 Thread 0x000001b184abd000 Uncommon trap: reason=class_check action=maybe_recompile pc=0x000001b1ee1ea2ac method=java.lang.reflect.Array.newInstance(Ljava/lang/Class;I)Ljava/lang/Object; @ 2 c2
Event: 120.172 Thread 0x000001b184abd000 DEOPT PACKING pc=0x000001b1ee1ea2ac sp=0x000000510a6fc3a0
Event: 120.172 Thread 0x000001b184abd000 DEOPT UNPACKING pc=0x000001b1e60ea1af sp=0x000000510a6fc338 mode 2

Classes redefined (0 events):
No events

Internal exceptions (20 events):
Event: 74.615 Thread 0x000001b1fe139000 Exception <a 'java/lang/NoSuchMethodError'{0x000000008ca5dad8}: <clinit>> (0x000000008ca5dad8) thrown at [./src/hotspot/share/prims/jni.cpp, line 1366]
Event: 74.626 Thread 0x000001b1fe139000 Exception <a 'java/lang/NoSuchMethodError'{0x000000008ca7e9f8}: <clinit>> (0x000000008ca7e9f8) thrown at [./src/hotspot/share/prims/jni.cpp, line 1366]
Event: 75.873 Thread 0x000001b18103e800 Exception <a 'java/net/ConnectException'{0x000000008da155c0}: Connection refused: connect> (0x000000008da155c0) thrown at [./src/hotspot/share/prims/jni.cpp, line 637]
Event: 77.951 Thread 0x000001b18103e800 Exception <a 'java/net/ConnectException'{0x000000008da15da0}: Connection refused: connect> (0x000000008da15da0) thrown at [./src/hotspot/share/prims/jni.cpp, line 637]
Event: 80.014 Thread 0x000001b18103e800 Exception <a 'java/net/ConnectException'{0x000000008da16580}: Connection refused: connect> (0x000000008da16580) thrown at [./src/hotspot/share/prims/jni.cpp, line 637]
Event: 101.925 Thread 0x000001b1fe467000 Implicit null exception at 0x000001b1ee2d2cc5 to 0x000001b1ee2d2fd9
Event: 103.570 Thread 0x000001b1fe467000 Exception <a 'sun/nio/fs/WindowsException'{0x000000008b375090}> (0x000000008b375090) thrown at [./src/hotspot/share/prims/jni.cpp, line 616]
Event: 104.383 Thread 0x000001b1fe467000 Exception <a 'sun/nio/fs/WindowsException'{0x000000008a739ed0}> (0x000000008a739ed0) thrown at [./src/hotspot/share/prims/jni.cpp, line 616]
Event: 104.425 Thread 0x000001b1fe467000 Exception <a 'sun/nio/fs/WindowsException'{0x000000008a7d6770}> (0x000000008a7d6770) thrown at [./src/hotspot/share/prims/jni.cpp, line 616]
Event: 104.425 Thread 0x000001b1fe467000 Exception <a 'sun/nio/fs/WindowsException'{0x000000008a7d7ac8}> (0x000000008a7d7ac8) thrown at [./src/hotspot/share/prims/jni.cpp, line 616]
Event: 104.425 Thread 0x000001b1fe467000 Exception <a 'sun/nio/fs/WindowsException'{0x000000008a7d8e70}> (0x000000008a7d8e70) thrown at [./src/hotspot/share/prims/jni.cpp, line 616]
Event: 104.425 Thread 0x000001b1fe467000 Exception <a 'sun/nio/fs/WindowsException'{0x000000008a7da218}> (0x000000008a7da218) thrown at [./src/hotspot/share/prims/jni.cpp, line 616]
Event: 104.579 Thread 0x000001b1fe467000 Exception <a 'sun/nio/fs/WindowsException'{0x000000008a3ac950}> (0x000000008a3ac950) thrown at [./src/hotspot/share/prims/jni.cpp, line 616]
Event: 108.138 Thread 0x000001b184abd000 Exception <a 'java/net/ConnectException'{0x000000008c42f450}: Connection refused: connect> (0x000000008c42f450) thrown at [./src/hotspot/share/prims/jni.cpp, line 637]
Event: 110.216 Thread 0x000001b184abd000 Exception <a 'java/net/ConnectException'{0x000000008c430180}: Connection refused: connect> (0x000000008c430180) thrown at [./src/hotspot/share/prims/jni.cpp, line 637]
Event: 112.294 Thread 0x000001b184abd000 Exception <a 'java/net/ConnectException'{0x000000008c430eb0}: Connection refused: connect> (0x000000008c430eb0) thrown at [./src/hotspot/share/prims/jni.cpp, line 637]
Event: 115.950 Thread 0x000001b184abd000 Exception <a 'java/net/ConnectException'{0x000000008bd0a690}: Connection refused: connect> (0x000000008bd0a690) thrown at [./src/hotspot/share/prims/jni.cpp, line 637]
Event: 118.012 Thread 0x000001b184abd000 Exception <a 'java/net/ConnectException'{0x000000008bd0b3c0}: Connection refused: connect> (0x000000008bd0b3c0) thrown at [./src/hotspot/share/prims/jni.cpp, line 637]
Event: 120.059 Thread 0x000001b184abd000 Exception <a 'java/net/ConnectException'{0x000000008bd0c0f0}: Connection refused: connect> (0x000000008bd0c0f0) thrown at [./src/hotspot/share/prims/jni.cpp, line 637]
Event: 120.172 Thread 0x000001b181040000 Exception <a 'java/lang/InterruptedException'{0x000000008bd48538}> (0x000000008bd48538) thrown at [./src/hotspot/share/runtime/objectMonitor.cpp, line 1635]

Events (20 events):
Event: 120.173 Executing VM operation: RevokeBias done
Event: 120.195 Executing VM operation: RevokeBias
Event: 120.195 Executing VM operation: RevokeBias done
Event: 120.196 Executing VM operation: RevokeBias
Event: 120.196 Executing VM operation: RevokeBias done
Event: 120.196 Executing VM operation: RevokeBias
Event: 120.196 Executing VM operation: RevokeBias done
Event: 120.196 Executing VM operation: RevokeBias
Event: 120.196 Executing VM operation: RevokeBias done
Event: 120.197 Executing VM operation: RevokeBias
Event: 120.197 Executing VM operation: RevokeBias done
Event: 120.199 Executing VM operation: BulkRevokeBias
Event: 120.202 Executing VM operation: BulkRevokeBias done
Event: 120.312 Thread 0x000001b1865fe000 Thread added: 0x000001b1865fe000
Event: 120.312 Executing VM operation: RevokeBias
Event: 120.312 Executing VM operation: RevokeBias done
Event: 120.312 Executing VM operation: RevokeBias
Event: 120.313 Executing VM operation: RevokeBias done
Event: 120.316 Executing VM operation: RevokeBias
Event: 120.316 Executing VM operation: RevokeBias done


Dynamic libraries:
0x00007ff617210000 - 0x00007ff61721a000 	C:\Program Files\Android\Android Studio\jre\bin\java.exe
0x00007ff9440d0000 - 0x00007ff9442c8000 	C:\WINDOWS\SYSTEM32\ntdll.dll
0x00007ff943740000 - 0x00007ff9437ff000 	C:\WINDOWS\System32\KERNEL32.DLL
0x00007ff941d00000 - 0x00007ff941ff6000 	C:\WINDOWS\System32\KERNELBASE.dll
0x00007ff942000000 - 0x00007ff942100000 	C:\WINDOWS\System32\ucrtbase.dll
0x00007ff93c080000 - 0x00007ff93c097000 	C:\Program Files\Android\Android Studio\jre\bin\VCRUNTIME140.dll
0x00007ff93c060000 - 0x00007ff93c079000 	C:\Program Files\Android\Android Studio\jre\bin\jli.dll
0x00007ff9421e0000 - 0x00007ff94237d000 	C:\WINDOWS\System32\USER32.dll
0x00007ff941c40000 - 0x00007ff941c62000 	C:\WINDOWS\System32\win32u.dll
0x00007ff9421b0000 - 0x00007ff9421dc000 	C:\WINDOWS\System32\GDI32.dll
0x00007ff9417f0000 - 0x00007ff941905000 	C:\WINDOWS\System32\gdi32full.dll
0x00007ff941ba0000 - 0x00007ff941c3d000 	C:\WINDOWS\System32\msvcp_win.dll
0x00007ff935940000 - 0x00007ff935bda000 	C:\WINDOWS\WinSxS\amd64_microsoft.windows.common-controls_6595b64144ccf1df_6.0.19041.1110_none_60b5254171f9507e\COMCTL32.dll
0x00007ff9434c0000 - 0x00007ff94355e000 	C:\WINDOWS\System32\msvcrt.dll
0x00007ff9432f0000 - 0x00007ff943320000 	C:\WINDOWS\System32\IMM32.DLL
0x00007ff91bd90000 - 0x00007ff91be2d000 	C:\Program Files\Android\Android Studio\jre\bin\msvcp140.dll
0x00007ff9045c0000 - 0x00007ff9050c2000 	C:\Program Files\Android\Android Studio\jre\bin\server\jvm.dll
0x00007ff942100000 - 0x00007ff9421af000 	C:\WINDOWS\System32\ADVAPI32.dll
0x00007ff942930000 - 0x00007ff9429cc000 	C:\WINDOWS\System32\sechost.dll
0x00007ff9423e0000 - 0x00007ff942506000 	C:\WINDOWS\System32\RPCRT4.dll
0x00007ff942920000 - 0x00007ff942928000 	C:\WINDOWS\System32\PSAPI.DLL
0x00007ff93b4a0000 - 0x00007ff93b4aa000 	C:\WINDOWS\SYSTEM32\VERSION.dll
0x00007ff935be0000 - 0x00007ff935c07000 	C:\WINDOWS\SYSTEM32\WINMM.dll
0x00007ff93ab00000 - 0x00007ff93ab09000 	C:\WINDOWS\SYSTEM32\WSOCK32.dll
0x00007ff942510000 - 0x00007ff94257b000 	C:\WINDOWS\System32\WS2_32.dll
0x00007ff93f2e0000 - 0x00007ff93f2f2000 	C:\WINDOWS\SYSTEM32\kernel.appcore.dll
0x00007ff93a7d0000 - 0x00007ff93a7e1000 	C:\Program Files\Android\Android Studio\jre\bin\verify.dll
0x00007ff925110000 - 0x00007ff9252f4000 	C:\WINDOWS\SYSTEM32\DBGHELP.DLL
0x00007ff9250d0000 - 0x00007ff925104000 	C:\WINDOWS\SYSTEM32\dbgcore.DLL
0x00007ff941c70000 - 0x00007ff941cf2000 	C:\WINDOWS\System32\bcryptPrimitives.dll
0x00007ff9385d0000 - 0x00007ff9385f9000 	C:\Program Files\Android\Android Studio\jre\bin\java.dll
0x00007ff93aaf0000 - 0x00007ff93aafb000 	C:\Program Files\Android\Android Studio\jre\bin\jimage.dll
0x00007ff9385b0000 - 0x00007ff9385c8000 	C:\Program Files\Android\Android Studio\jre\bin\zip.dll
0x00007ff9429d0000 - 0x00007ff943114000 	C:\WINDOWS\System32\SHELL32.dll
0x00007ff940430000 - 0x00007ff940bc3000 	C:\WINDOWS\SYSTEM32\windows.storage.dll
0x00007ff943cf0000 - 0x00007ff944044000 	C:\WINDOWS\System32\combase.dll
0x00007ff941180000 - 0x00007ff9411ae000 	C:\WINDOWS\SYSTEM32\Wldp.dll
0x00007ff943560000 - 0x00007ff94360d000 	C:\WINDOWS\System32\SHCORE.dll
0x00007ff943c90000 - 0x00007ff943ce5000 	C:\WINDOWS\System32\shlwapi.dll
0x00007ff9416c0000 - 0x00007ff9416df000 	C:\WINDOWS\SYSTEM32\profapi.dll
0x00007ff936bb0000 - 0x00007ff936bca000 	C:\Program Files\Android\Android Studio\jre\bin\net.dll
0x00007ff939c30000 - 0x00007ff939d3a000 	C:\WINDOWS\SYSTEM32\WINHTTP.dll
0x00007ff940360000 - 0x00007ff9403ca000 	C:\WINDOWS\system32\mswsock.dll
0x00007ff92b210000 - 0x00007ff92b224000 	C:\Program Files\Android\Android Studio\jre\bin\nio.dll
0x00007ff93c0a0000 - 0x00007ff93c0c7000 	C:\Users\1\.gradle\native\e1d6ef7f7dcc3fd88c89a11ec53ec762bb8ba0a96d01ffa2cd45eb1d1d8dd5c5\windows-amd64\native-platform.dll
0x00007ff90bbb0000 - 0x00007ff90bcf4000 	C:\Users\1\.gradle\native\0d407fdbe67a94daf76414ababcb853783967236a71b16ec16e742cd7a986fd3\windows-amd64\native-platform-file-events.dll
0x00007ff93aa00000 - 0x00007ff93aa0a000 	C:\Program Files\Android\Android Studio\jre\bin\management.dll
0x00007ff9385a0000 - 0x00007ff9385ad000 	C:\Program Files\Android\Android Studio\jre\bin\management_ext.dll
0x00007ff9410b0000 - 0x00007ff9410c8000 	C:\WINDOWS\SYSTEM32\CRYPTSP.dll
0x0000000072710000 - 0x0000000072721000 	C:\Program Files\Common Files\Crypto Pro\AppCompat\cpadvai.dll
0x0000000072730000 - 0x0000000072737000 	C:\Program Files\Common Files\Crypto Pro\AppCompat\detoured.dll
0x00007ff93fc80000 - 0x00007ff93fcb4000 	C:\WINDOWS\system32\rsaenh.dll
0x00007ff941910000 - 0x00007ff941937000 	C:\WINDOWS\System32\bcrypt.dll
0x00007ff941680000 - 0x00007ff9416ae000 	C:\WINDOWS\SYSTEM32\USERENV.dll
0x00007ff9410d0000 - 0x00007ff9410dc000 	C:\WINDOWS\SYSTEM32\CRYPTBASE.dll
0x00007ff940050000 - 0x00007ff94008c000 	C:\WINDOWS\SYSTEM32\IPHLPAPI.DLL
0x00007ff942860000 - 0x00007ff942868000 	C:\WINDOWS\System32\NSI.dll
0x00007ff938ec0000 - 0x00007ff938ed7000 	C:\WINDOWS\SYSTEM32\dhcpcsvc6.DLL
0x00007ff938fc0000 - 0x00007ff938fdd000 	C:\WINDOWS\SYSTEM32\dhcpcsvc.DLL
0x00007ff940090000 - 0x00007ff94015a000 	C:\WINDOWS\SYSTEM32\DNSAPI.dll
0x00007ff93fda0000 - 0x00007ff93fdd3000 	C:\WINDOWS\SYSTEM32\ntmarta.dll
0x00007ff93c040000 - 0x00007ff93c05e000 	C:\Users\1\AppData\Local\Temp\native-platform4142520303069943678dir\native-platform.dll
0x00007ff93b950000 - 0x00007ff93b958000 	C:\Program Files\Android\Android Studio\jre\bin\rmi.dll

dbghelp: loaded successfully - version: 4.0.5 - missing functions: none
symbol engine: initialized successfully - sym options: 0x614 - pdb path: .;C:\Program Files\Android\Android Studio\jre\bin;C:\WINDOWS\SYSTEM32;C:\WINDOWS\WinSxS\amd64_microsoft.windows.common-controls_6595b64144ccf1df_6.0.19041.1110_none_60b5254171f9507e;C:\Program Files\Android\Android Studio\jre\bin\server;C:\Users\1\.gradle\native\e1d6ef7f7dcc3fd88c89a11ec53ec762bb8ba0a96d01ffa2cd45eb1d1d8dd5c5\windows-amd64;C:\Users\1\.gradle\native\0d407fdbe67a94daf76414ababcb853783967236a71b16ec16e742cd7a986fd3\windows-amd64;C:\Program Files\Common Files\Crypto Pro\AppCompat;C:\Users\1\AppData\Local\Temp\native-platform4142520303069943678dir

VM Arguments:
jvm_args: --add-opens=java.base/java.util=ALL-UNNAMED --add-opens=java.base/java.lang=ALL-UNNAMED --add-opens=java.base/java.lang.invoke=ALL-UNNAMED --add-opens=java.base/java.util=ALL-UNNAMED --add-opens=java.prefs/java.util.prefs=ALL-UNNAMED --add-opens=java.prefs/java.util.prefs=ALL-UNNAMED --add-opens=java.base/java.nio.charset=ALL-UNNAMED --add-opens=java.base/java.net=ALL-UNNAMED --add-opens=java.base/java.util.concurrent.atomic=ALL-UNNAMED -Xmx2048m -Dfile.encoding=UTF-8 -Duser.country=RU -Duser.language=ru -Duser.variant 
java_command: org.gradle.launcher.daemon.bootstrap.GradleDaemon 7.4
java_class_path (initial): C:\Users\1\.gradle\wrapper\dists\gradle-7.4-bin\c0gwcg53nkjbqw7r0h0umtfvt\gradle-7.4\lib\gradle-launcher-7.4.jar
Launcher Type: SUN_STANDARD

[Global flags]
     intx CICompilerCount                          = 3                                         {product} {ergonomic}
     uint ConcGCThreads                            = 1                                         {product} {ergonomic}
     uint G1ConcRefinementThreads                  = 4                                         {product} {ergonomic}
   size_t G1HeapRegionSize                         = 1048576                                   {product} {ergonomic}
    uintx GCDrainStackTargetSize                   = 64                                        {product} {ergonomic}
   size_t InitialHeapSize                          = 132120576                                 {product} {ergonomic}
   size_t MarkStackSize                            = 4194304                                   {product} {ergonomic}
   size_t MaxHeapSize                              = 2147483648                                {product} {command line}
   size_t MaxNewSize                               = 1287651328                                {product} {ergonomic}
   size_t MinHeapDeltaBytes                        = 1048576                                   {product} {ergonomic}
    uintx NonNMethodCodeHeapSize                   = 5830732                                {pd product} {ergonomic}
    uintx NonProfiledCodeHeapSize                  = 122913754                              {pd product} {ergonomic}
    uintx ProfiledCodeHeapSize                     = 122913754                              {pd product} {ergonomic}
    uintx ReservedCodeCacheSize                    = 251658240                              {pd product} {ergonomic}
     bool SegmentedCodeCache                       = true                                      {product} {ergonomic}
     bool UseCompressedClassPointers               = true                                 {lp64_product} {ergonomic}
     bool UseCompressedOops                        = true                                 {lp64_product} {ergonomic}
     bool UseG1GC                                  = true                                      {product} {ergonomic}
     bool UseLargePagesIndividualAllocation        = false                                  {pd product} {ergonomic}

Logging:
Log output configuration:
 #0: stdout all=warning uptime,level,tags
 #1: stderr all=off uptime,level,tags

Environment Variables:
JAVA_HOME=C:\Program Files\Java\jre-1.8
PATH=C:\Program Files (x86)\Common Files\Oracle\Java\javapath;C:\Python39\Scripts\;C:\Python39\;C:\Program Files (x86)\Cuminas\Document Express DjVu Plug-in\;C:\WINDOWS\system32;C:\WINDOWS;C:\WINDOWS\System32\Wbem;C:\WINDOWS\System32\WindowsPowerShell\v1.0\;C:\WINDOWS\System32\OpenSSH\;C:\Program Files\nodejs\;C:\ProgramData\chocolatey\bin;C:\Program Files\Java\jre-1.8\bin;C:\Program Files\dotnet\;C:\Program Files (x86)\NVIDIA Corporation\PhysX\Common;C:\flutter\bin;C:\Program Files (x86)\dotnet\;C:\Program Files (x86)\Print Conductor;C:\Users\1\AppData\Local\Android\Sdk\tools\bin;C:\Program Files\PuTTY\;C:\Program Files\Git\cmd;C:\Users\1\AppData\Local\Microsoft\WindowsApps;C:\Program Files\JetBrains\IntelliJ IDEA Community Edition 2019.2.3\bin;C:\Go\bin;C:\jdk-17.0.2\bin;C:\Program Files\apache-maven-3.6.3\bin;C:\Users\1\AppData\Roaming\npm;C:\Program Files\JetBrains\WebStorm 2021.2.1\bin;C:\Users\1\AppData\Local\GitHubDesktop\bin;C:\flutter\bin;C:\dart-sdk;C:\Program Files (x86)\Print Conductor
USERNAME=1
OS=Windows_NT
PROCESSOR_IDENTIFIER=Intel64 Family 6 Model 58 Stepping 9, GenuineIntel



---------------  S Y S T E M  ---------------

OS: Windows 10 , 64 bit Build 19041 (10.0.19041.3031)
OS uptime: 10 days 6:06 hours

CPU:total 4 (initial active 4) (2 cores per cpu, 2 threads per core) family 6 model 58 stepping 9 microcode 0x21, cmov, cx8, fxsr, mmx, sse, sse2, sse3, ssse3, sse4.1, sse4.2, popcnt, avx, clmul, erms, ht, tsc, tscinvbit, tscinv

Memory: 4k page, system-wide physical 8057M (718M free)
TotalPageFile size 10557M (AvailPageFile size 3M)
current process WorkingSet (physical memory assigned to process): 503M, peak: 535M
current process commit charge ("private bytes"): 532M, peak: 564M

vm_info: OpenJDK 64-Bit Server VM (11.0.13+0-b1751.21-8125866) for windows-amd64 JRE (11.0.13+0-b1751.21-8125866), built on Feb  2 2022 03:00:22 by "builder" with MS VC++ 14.0 (VS2015)

END.
