#
# There is insufficient memory for the Java Runtime Environment to continue.
# Native memory allocation (malloc) failed to allocate 1090016 bytes for Chunk::new
# Possible reasons:
#   The system is out of physical RAM or swap space
#   The process is running with CompressedOops enabled, and the Java Heap may be blocking the growth of the native heap
# Possible solutions:
#   Reduce memory load on the system
#   Increase physical memory or swap space
#   Check if swap backing store is full
#   Decrease Java heap size (-Xmx/-Xms)
#   Decrease number of Java threads
#   Decrease Java thread stack sizes (-Xss)
#   Set larger code cache with -XX:ReservedCodeCacheSize=
#   JVM is running with Unscaled Compressed Oops mode in which the Java heap is
#     placed in the first 4GB address space. The Java Heap base address is the
#     maximum limit for the native heap growth. Please use -XX:HeapBaseMinAddress
#     to set the Java Heap base and to place the Java Heap above 4GB virtual address.
# This output file may be truncated or incomplete.
#
#  Out of Memory Error (./src/hotspot/share/memory/arena.cpp:197), pid=17524, tid=23052
#
# JRE version: OpenJDK Runtime Environment (11.0.13) (build 11.0.13+0-b1751.21-8125866)
# Java VM: OpenJDK 64-Bit Server VM (11.0.13+0-b1751.21-8125866, mixed mode, tiered, compressed oops, g1 gc, windows-amd64)
# No core dump will be written. Minidumps are not enabled by default on client versions of Windows
#

---------------  S U M M A R Y ------------

Command Line: org.jetbrains.kotlin.cli.jvm.K2JVMCompiler @C:\Users\1\AndroidStudioProjects\MyApplication3\app\build\20231202_5533200655348358938.compiler.options

Host: Intel(R) Core(TM) i3-3120M CPU @ 2.50GHz, 4 cores, 7G,  Windows 10 , 64 bit Build 19041 (10.0.19041.3031)
Time: Sat Dec  2 17:39:08 2023 RTZ 2 (зима) elapsed time: 7.490497 seconds (0d 0h 0m 7s)

---------------  T H R E A D  ---------------

Current thread (0x000001fc3eb6a000):  JavaThread "C2 CompilerThread1" daemon [_thread_in_native, id=23052, stack(0x0000009d04900000,0x0000009d04a00000)]


Current CompileTask:
C2:   7490 3024   !   4       jdk.internal.loader.BuiltinClassLoader::findClassOnClassPathOrNull (64 bytes)

Stack: [0x0000009d04900000,0x0000009d04a00000]
Native frames: (J=compiled Java code, j=interpreted, Vv=VM code, C=native code)
V  [jvm.dll+0x6100fa]
V  [jvm.dll+0x747090]
V  [jvm.dll+0x7486ad]
V  [jvm.dll+0x748d83]
V  [jvm.dll+0x24ab48]
V  [jvm.dll+0xc04dc]
V  [jvm.dll+0xc0a0c]
V  [jvm.dll+0x2bfab4]
V  [jvm.dll+0x524238]
V  [jvm.dll+0x20b193]
V  [jvm.dll+0x204ca0]
V  [jvm.dll+0x2023c2]
V  [jvm.dll+0x188e01]
V  [jvm.dll+0x21106b]
V  [jvm.dll+0x20f8c1]
V  [jvm.dll+0x70de0f]
V  [jvm.dll+0x706a75]
V  [jvm.dll+0x60ed66]
C  [ucrtbase.dll+0x21bb2]
C  [KERNEL32.DLL+0x17614]
C  [ntdll.dll+0x526f1]


---------------  P R O C E S S  ---------------

Threads class SMR info:
_java_thread_list=0x000001fc3c88dcd0, length=11, elements={
0x000001fc20f8d000, 0x000001fc3aa45000, 0x000001fc3aa6b000, 0x000001fc3aa84000,
0x000001fc3aa84800, 0x000001fc3aa89000, 0x000001fc3aa8c800, 0x000001fc3aa91800,
0x000001fc3aa93800, 0x000001fc3b557000, 0x000001fc3eb6a000
}

Java Threads: ( => current thread )
  0x000001fc20f8d000 JavaThread "main" [_thread_in_Java, id=15328, stack(0x0000009d03800000,0x0000009d03900000)]
  0x000001fc3aa45000 JavaThread "Reference Handler" daemon [_thread_blocked, id=23748, stack(0x0000009d03f00000,0x0000009d04000000)]
  0x000001fc3aa6b000 JavaThread "Finalizer" daemon [_thread_blocked, id=16804, stack(0x0000009d04000000,0x0000009d04100000)]
  0x000001fc3aa84000 JavaThread "Signal Dispatcher" daemon [_thread_blocked, id=17752, stack(0x0000009d04100000,0x0000009d04200000)]
  0x000001fc3aa84800 JavaThread "Attach Listener" daemon [_thread_blocked, id=13388, stack(0x0000009d04200000,0x0000009d04300000)]
  0x000001fc3aa89000 JavaThread "Service Thread" daemon [_thread_blocked, id=14796, stack(0x0000009d04300000,0x0000009d04400000)]
  0x000001fc3aa8c800 JavaThread "C2 CompilerThread0" daemon [_thread_in_native, id=24364, stack(0x0000009d04400000,0x0000009d04500000)]
  0x000001fc3aa91800 JavaThread "C1 CompilerThread0" daemon [_thread_in_native, id=15740, stack(0x0000009d04500000,0x0000009d04600000)]
  0x000001fc3aa93800 JavaThread "Sweeper thread" daemon [_thread_blocked, id=18220, stack(0x0000009d04600000,0x0000009d04700000)]
  0x000001fc3b557000 JavaThread "Common-Cleaner" daemon [_thread_blocked, id=23920, stack(0x0000009d04800000,0x0000009d04900000)]
=>0x000001fc3eb6a000 JavaThread "C2 CompilerThread1" daemon [_thread_in_native, id=23052, stack(0x0000009d04900000,0x0000009d04a00000)]

Other Threads:
  0x000001fc3aa41800 VMThread "VM Thread" [stack: 0x0000009d03e00000,0x0000009d03f00000] [id=22704]
  0x000001fc3b549000 WatcherThread [stack: 0x0000009d04700000,0x0000009d04800000] [id=24344]
  0x000001fc20fa5800 GCTaskThread "GC Thread#0" [stack: 0x0000009d03900000,0x0000009d03a00000] [id=13672]
  0x000001fc3b9c8000 GCTaskThread "GC Thread#1" [stack: 0x0000009d04a00000,0x0000009d04b00000] [id=22560]
  0x000001fc3b9d2800 GCTaskThread "GC Thread#2" [stack: 0x0000009d04b00000,0x0000009d04c00000] [id=19068]
  0x000001fc20fd5800 ConcurrentGCThread "G1 Main Marker" [stack: 0x0000009d03a00000,0x0000009d03b00000] [id=19424]
  0x000001fc20fd8000 ConcurrentGCThread "G1 Conc#0" [stack: 0x0000009d03b00000,0x0000009d03c00000] [id=22932]
  0x000001fc21068000 ConcurrentGCThread "G1 Refine#0" [stack: 0x0000009d03c00000,0x0000009d03d00000] [id=21420]
  0x000001fc21069000 ConcurrentGCThread "G1 Young RemSet Sampling" [stack: 0x0000009d03d00000,0x0000009d03e00000] [id=14052]

Threads with active compile tasks:
C2 CompilerThread0   7517 2916       4       java.lang.ClassLoader::loadClass (7 bytes)
C1 CompilerThread0   7517 3054   !   3       org.jetbrains.kotlin.metadata.ProtoBuf$Class::<init> (2890 bytes)
C2 CompilerThread1   7517 3024   !   4       jdk.internal.loader.BuiltinClassLoader::findClassOnClassPathOrNull (64 bytes)

VM state:not at safepoint (normal execution)

VM Mutex/Monitor currently owned by a thread: None

Heap address: 0x0000000082000000, size: 2016 MB, Compressed Oops mode: 32-bit
Narrow klass base: 0x0000000000000000, Narrow klass shift: 3
Compressed class space size: 1073741824 Address: 0x0000000100000000

Heap:
 garbage-first heap   total 129024K, used 66436K [0x0000000082000000, 0x0000000100000000)
  region size 1024K, 48 young (49152K), 3 survivors (3072K)
 Metaspace       used 44753K, capacity 45285K, committed 45568K, reserved 1089536K
  class space    used 5319K, capacity 5533K, committed 5632K, reserved 1048576K
Heap Regions: E=young(eden), S=young(survivor), O=old, HS=humongous(starts), HC=humongous(continues), CS=collection set, F=free, A=archive, TAMS=top-at-mark-start (previous, next)
|   0|0x0000000082000000, 0x0000000082100000, 0x0000000082100000|100%|HS|  |TAMS 0x0000000082100000, 0x0000000082000000| Complete 
|   1|0x0000000082100000, 0x0000000082200000, 0x0000000082200000|100%|HC|  |TAMS 0x0000000082200000, 0x0000000082100000| Complete 
|   2|0x0000000082200000, 0x0000000082300000, 0x0000000082300000|100%|HC|  |TAMS 0x0000000082300000, 0x0000000082200000| Complete 
|   3|0x0000000082300000, 0x0000000082400000, 0x0000000082400000|100%| O|  |TAMS 0x0000000082400000, 0x0000000082300000| Untracked 
|   4|0x0000000082400000, 0x0000000082500000, 0x0000000082500000|100%| O|  |TAMS 0x0000000082500000, 0x0000000082400000| Untracked 
|   5|0x0000000082500000, 0x0000000082600000, 0x0000000082600000|100%|HS|  |TAMS 0x0000000082600000, 0x0000000082500000| Complete 
|   6|0x0000000082600000, 0x0000000082700000, 0x0000000082700000|100%|HC|  |TAMS 0x0000000082700000, 0x0000000082600000| Complete 
|   7|0x0000000082700000, 0x0000000082800000, 0x0000000082800000|100%|HC|  |TAMS 0x0000000082800000, 0x0000000082700000| Complete 
|   8|0x0000000082800000, 0x0000000082800000, 0x0000000082900000|  0%| F|  |TAMS 0x0000000082800000, 0x0000000082800000| Untracked 
|   9|0x0000000082900000, 0x0000000082900000, 0x0000000082a00000|  0%| F|  |TAMS 0x0000000082900000, 0x0000000082900000| Untracked 
|  10|0x0000000082a00000, 0x0000000082b00000, 0x0000000082b00000|100%| O|  |TAMS 0x0000000082b00000, 0x0000000082a00000| Untracked 
|  11|0x0000000082b00000, 0x0000000082c00000, 0x0000000082c00000|100%| O|  |TAMS 0x0000000082c00000, 0x0000000082b00000| Untracked 
|  12|0x0000000082c00000, 0x0000000082d00000, 0x0000000082d00000|100%| O|  |TAMS 0x0000000082d00000, 0x0000000082c00000| Untracked 
|  13|0x0000000082d00000, 0x0000000082e00000, 0x0000000082e00000|100%| O|  |TAMS 0x0000000082e00000, 0x0000000082d00000| Untracked 
|  14|0x0000000082e00000, 0x0000000082f00000, 0x0000000082f00000|100%| O|  |TAMS 0x0000000082f00000, 0x0000000082e00000| Untracked 
|  15|0x0000000082f00000, 0x0000000083000000, 0x0000000083000000|100%| O|  |TAMS 0x0000000083000000, 0x0000000082f00000| Untracked 
|  16|0x0000000083000000, 0x0000000083100000, 0x0000000083100000|100%| O|  |TAMS 0x0000000083100000, 0x0000000083000000| Untracked 
|  17|0x0000000083100000, 0x0000000083200000, 0x0000000083200000|100%| O|  |TAMS 0x0000000083200000, 0x0000000083100000| Untracked 
|  18|0x0000000083200000, 0x0000000083300000, 0x0000000083300000|100%| O|  |TAMS 0x0000000083300000, 0x0000000083200000| Untracked 
|  19|0x0000000083300000, 0x0000000083400000, 0x0000000083400000|100%| O|  |TAMS 0x0000000083400000, 0x0000000083300000| Untracked 
|  20|0x0000000083400000, 0x0000000083483000, 0x0000000083500000| 51%| O|  |TAMS 0x0000000083483000, 0x0000000083400000| Untracked 
|  21|0x0000000083500000, 0x0000000083500000, 0x0000000083600000|  0%| F|  |TAMS 0x0000000083500000, 0x0000000083500000| Untracked 
|  22|0x0000000083600000, 0x0000000083600000, 0x0000000083700000|  0%| F|  |TAMS 0x0000000083600000, 0x0000000083600000| Untracked 
|  23|0x0000000083700000, 0x0000000083700000, 0x0000000083800000|  0%| F|  |TAMS 0x0000000083700000, 0x0000000083700000| Untracked 
|  24|0x0000000083800000, 0x0000000083800000, 0x0000000083900000|  0%| F|  |TAMS 0x0000000083800000, 0x0000000083800000| Untracked 
|  25|0x0000000083900000, 0x0000000083900000, 0x0000000083a00000|  0%| F|  |TAMS 0x0000000083900000, 0x0000000083900000| Untracked 
|  26|0x0000000083a00000, 0x0000000083a00000, 0x0000000083b00000|  0%| F|  |TAMS 0x0000000083a00000, 0x0000000083a00000| Untracked 
|  27|0x0000000083b00000, 0x0000000083b00000, 0x0000000083c00000|  0%| F|  |TAMS 0x0000000083b00000, 0x0000000083b00000| Untracked 
|  28|0x0000000083c00000, 0x0000000083c00000, 0x0000000083d00000|  0%| F|  |TAMS 0x0000000083c00000, 0x0000000083c00000| Untracked 
|  29|0x0000000083d00000, 0x0000000083d00000, 0x0000000083e00000|  0%| F|  |TAMS 0x0000000083d00000, 0x0000000083d00000| Untracked 
|  30|0x0000000083e00000, 0x0000000083e00000, 0x0000000083f00000|  0%| F|  |TAMS 0x0000000083e00000, 0x0000000083e00000| Untracked 
|  31|0x0000000083f00000, 0x0000000083f00000, 0x0000000084000000|  0%| F|  |TAMS 0x0000000083f00000, 0x0000000083f00000| Untracked 
|  32|0x0000000084000000, 0x0000000084000000, 0x0000000084100000|  0%| F|  |TAMS 0x0000000084000000, 0x0000000084000000| Untracked 
|  33|0x0000000084100000, 0x0000000084100000, 0x0000000084200000|  0%| F|  |TAMS 0x0000000084100000, 0x0000000084100000| Untracked 
|  34|0x0000000084200000, 0x0000000084200000, 0x0000000084300000|  0%| F|  |TAMS 0x0000000084200000, 0x0000000084200000| Untracked 
|  35|0x0000000084300000, 0x0000000084300000, 0x0000000084400000|  0%| F|  |TAMS 0x0000000084300000, 0x0000000084300000| Untracked 
|  36|0x0000000084400000, 0x0000000084400000, 0x0000000084500000|  0%| F|  |TAMS 0x0000000084400000, 0x0000000084400000| Untracked 
|  37|0x0000000084500000, 0x0000000084500000, 0x0000000084600000|  0%| F|  |TAMS 0x0000000084500000, 0x0000000084500000| Untracked 
|  38|0x0000000084600000, 0x0000000084600000, 0x0000000084700000|  0%| F|  |TAMS 0x0000000084600000, 0x0000000084600000| Untracked 
|  39|0x0000000084700000, 0x0000000084700000, 0x0000000084800000|  0%| F|  |TAMS 0x0000000084700000, 0x0000000084700000| Untracked 
|  40|0x0000000084800000, 0x0000000084800000, 0x0000000084900000|  0%| F|  |TAMS 0x0000000084800000, 0x0000000084800000| Untracked 
|  41|0x0000000084900000, 0x0000000084900000, 0x0000000084a00000|  0%| F|  |TAMS 0x0000000084900000, 0x0000000084900000| Untracked 
|  42|0x0000000084a00000, 0x0000000084a00000, 0x0000000084b00000|  0%| F|  |TAMS 0x0000000084a00000, 0x0000000084a00000| Untracked 
|  43|0x0000000084b00000, 0x0000000084b00000, 0x0000000084c00000|  0%| F|  |TAMS 0x0000000084b00000, 0x0000000084b00000| Untracked 
|  44|0x0000000084c00000, 0x0000000084c00000, 0x0000000084d00000|  0%| F|  |TAMS 0x0000000084c00000, 0x0000000084c00000| Untracked 
|  45|0x0000000084d00000, 0x0000000084d00000, 0x0000000084e00000|  0%| F|  |TAMS 0x0000000084d00000, 0x0000000084d00000| Untracked 
|  46|0x0000000084e00000, 0x0000000084e00000, 0x0000000084f00000|  0%| F|  |TAMS 0x0000000084e00000, 0x0000000084e00000| Untracked 
|  47|0x0000000084f00000, 0x0000000084f00000, 0x0000000085000000|  0%| F|  |TAMS 0x0000000084f00000, 0x0000000084f00000| Untracked 
|  48|0x0000000085000000, 0x0000000085000000, 0x0000000085100000|  0%| F|  |TAMS 0x0000000085000000, 0x0000000085000000| Untracked 
|  49|0x0000000085100000, 0x0000000085100000, 0x0000000085200000|  0%| F|  |TAMS 0x0000000085100000, 0x0000000085100000| Untracked 
|  50|0x0000000085200000, 0x0000000085200000, 0x0000000085300000|  0%| F|  |TAMS 0x0000000085200000, 0x0000000085200000| Untracked 
|  51|0x0000000085300000, 0x0000000085300000, 0x0000000085400000|  0%| F|  |TAMS 0x0000000085300000, 0x0000000085300000| Untracked 
|  52|0x0000000085400000, 0x0000000085400000, 0x0000000085500000|  0%| F|  |TAMS 0x0000000085400000, 0x0000000085400000| Untracked 
|  53|0x0000000085500000, 0x0000000085500000, 0x0000000085600000|  0%| F|  |TAMS 0x0000000085500000, 0x0000000085500000| Untracked 
|  54|0x0000000085600000, 0x0000000085600000, 0x0000000085700000|  0%| F|  |TAMS 0x0000000085600000, 0x0000000085600000| Untracked 
|  55|0x0000000085700000, 0x0000000085700000, 0x0000000085800000|  0%| F|  |TAMS 0x0000000085700000, 0x0000000085700000| Untracked 
|  56|0x0000000085800000, 0x0000000085800000, 0x0000000085900000|  0%| F|  |TAMS 0x0000000085800000, 0x0000000085800000| Untracked 
|  57|0x0000000085900000, 0x0000000085900000, 0x0000000085a00000|  0%| F|  |TAMS 0x0000000085900000, 0x0000000085900000| Untracked 
|  58|0x0000000085a00000, 0x0000000085a00000, 0x0000000085b00000|  0%| F|  |TAMS 0x0000000085a00000, 0x0000000085a00000| Untracked 
|  59|0x0000000085b00000, 0x0000000085b00000, 0x0000000085c00000|  0%| F|  |TAMS 0x0000000085b00000, 0x0000000085b00000| Untracked 
|  60|0x0000000085c00000, 0x0000000085c00000, 0x0000000085d00000|  0%| F|  |TAMS 0x0000000085c00000, 0x0000000085c00000| Untracked 
|  61|0x0000000085d00000, 0x0000000085d00000, 0x0000000085e00000|  0%| F|  |TAMS 0x0000000085d00000, 0x0000000085d00000| Untracked 
|  62|0x0000000085e00000, 0x0000000085e00000, 0x0000000085f00000|  0%| F|  |TAMS 0x0000000085e00000, 0x0000000085e00000| Untracked 
|  63|0x0000000085f00000, 0x0000000085f00000, 0x0000000086000000|  0%| F|  |TAMS 0x0000000085f00000, 0x0000000085f00000| Untracked 
|  64|0x0000000086000000, 0x0000000086000000, 0x0000000086100000|  0%| F|  |TAMS 0x0000000086000000, 0x0000000086000000| Untracked 
|  65|0x0000000086100000, 0x0000000086100000, 0x0000000086200000|  0%| F|  |TAMS 0x0000000086100000, 0x0000000086100000| Untracked 
|  66|0x0000000086200000, 0x0000000086200000, 0x0000000086300000|  0%| F|  |TAMS 0x0000000086200000, 0x0000000086200000| Untracked 
|  67|0x0000000086300000, 0x0000000086300000, 0x0000000086400000|  0%| F|  |TAMS 0x0000000086300000, 0x0000000086300000| Untracked 
|  68|0x0000000086400000, 0x0000000086400000, 0x0000000086500000|  0%| F|  |TAMS 0x0000000086400000, 0x0000000086400000| Untracked 
|  69|0x0000000086500000, 0x0000000086500000, 0x0000000086600000|  0%| F|  |TAMS 0x0000000086500000, 0x0000000086500000| Untracked 
|  70|0x0000000086600000, 0x0000000086600000, 0x0000000086700000|  0%| F|  |TAMS 0x0000000086600000, 0x0000000086600000| Untracked 
|  71|0x0000000086700000, 0x0000000086700000, 0x0000000086800000|  0%| F|  |TAMS 0x0000000086700000, 0x0000000086700000| Untracked 
|  72|0x0000000086800000, 0x0000000086800000, 0x0000000086900000|  0%| F|  |TAMS 0x0000000086800000, 0x0000000086800000| Untracked 
|  73|0x0000000086900000, 0x0000000086900000, 0x0000000086a00000|  0%| F|  |TAMS 0x0000000086900000, 0x0000000086900000| Untracked 
|  74|0x0000000086a00000, 0x0000000086a00000, 0x0000000086b00000|  0%| F|  |TAMS 0x0000000086a00000, 0x0000000086a00000| Untracked 
|  75|0x0000000086b00000, 0x0000000086b00000, 0x0000000086c00000|  0%| F|  |TAMS 0x0000000086b00000, 0x0000000086b00000| Untracked 
|  76|0x0000000086c00000, 0x0000000086c00000, 0x0000000086d00000|  0%| F|  |TAMS 0x0000000086c00000, 0x0000000086c00000| Untracked 
|  77|0x0000000086d00000, 0x0000000086d00000, 0x0000000086e00000|  0%| F|  |TAMS 0x0000000086d00000, 0x0000000086d00000| Untracked 
|  78|0x0000000086e00000, 0x0000000086e863c8, 0x0000000086f00000| 52%| E|  |TAMS 0x0000000086e00000, 0x0000000086e00000| Complete 
|  79|0x0000000086f00000, 0x0000000087000000, 0x0000000087000000|100%| E|CS|TAMS 0x0000000086f00000, 0x0000000086f00000| Complete 
|  80|0x0000000087000000, 0x0000000087100000, 0x0000000087100000|100%| E|CS|TAMS 0x0000000087000000, 0x0000000087000000| Complete 
|  81|0x0000000087100000, 0x0000000087200000, 0x0000000087200000|100%| E|CS|TAMS 0x0000000087100000, 0x0000000087100000| Complete 
|  82|0x0000000087200000, 0x0000000087300000, 0x0000000087300000|100%| E|CS|TAMS 0x0000000087200000, 0x0000000087200000| Complete 
|  83|0x0000000087300000, 0x0000000087400000, 0x0000000087400000|100%| E|CS|TAMS 0x0000000087300000, 0x0000000087300000| Complete 
|  84|0x0000000087400000, 0x0000000087500000, 0x0000000087500000|100%| E|CS|TAMS 0x0000000087400000, 0x0000000087400000| Complete 
|  85|0x0000000087500000, 0x0000000087600000, 0x0000000087600000|100%| E|CS|TAMS 0x0000000087500000, 0x0000000087500000| Complete 
|  86|0x0000000087600000, 0x0000000087700000, 0x0000000087700000|100%| E|CS|TAMS 0x0000000087600000, 0x0000000087600000| Complete 
|  87|0x0000000087700000, 0x0000000087800000, 0x0000000087800000|100%| E|CS|TAMS 0x0000000087700000, 0x0000000087700000| Complete 
|  88|0x0000000087800000, 0x0000000087900000, 0x0000000087900000|100%| E|CS|TAMS 0x0000000087800000, 0x0000000087800000| Complete 
|  89|0x0000000087900000, 0x0000000087a00000, 0x0000000087a00000|100%| E|CS|TAMS 0x0000000087900000, 0x0000000087900000| Complete 
|  90|0x0000000087a00000, 0x0000000087b00000, 0x0000000087b00000|100%| E|CS|TAMS 0x0000000087a00000, 0x0000000087a00000| Complete 
|  91|0x0000000087b00000, 0x0000000087c00000, 0x0000000087c00000|100%| E|CS|TAMS 0x0000000087b00000, 0x0000000087b00000| Complete 
|  92|0x0000000087c00000, 0x0000000087d00000, 0x0000000087d00000|100%| E|CS|TAMS 0x0000000087c00000, 0x0000000087c00000| Complete 
|  93|0x0000000087d00000, 0x0000000087e00000, 0x0000000087e00000|100%| E|CS|TAMS 0x0000000087d00000, 0x0000000087d00000| Complete 
|  94|0x0000000087e00000, 0x0000000087f00000, 0x0000000087f00000|100%| E|CS|TAMS 0x0000000087e00000, 0x0000000087e00000| Complete 
|  95|0x0000000087f00000, 0x0000000088000000, 0x0000000088000000|100%| E|CS|TAMS 0x0000000087f00000, 0x0000000087f00000| Complete 
|  96|0x0000000088000000, 0x0000000088100000, 0x0000000088100000|100%| E|CS|TAMS 0x0000000088000000, 0x0000000088000000| Complete 
|  97|0x0000000088100000, 0x0000000088200000, 0x0000000088200000|100%| E|CS|TAMS 0x0000000088100000, 0x0000000088100000| Complete 
|  98|0x0000000088200000, 0x0000000088300000, 0x0000000088300000|100%| E|CS|TAMS 0x0000000088200000, 0x0000000088200000| Complete 
|  99|0x0000000088300000, 0x0000000088400000, 0x0000000088400000|100%| E|CS|TAMS 0x0000000088300000, 0x0000000088300000| Complete 
| 100|0x0000000088400000, 0x0000000088500000, 0x0000000088500000|100%| E|CS|TAMS 0x0000000088400000, 0x0000000088400000| Complete 
| 101|0x0000000088500000, 0x0000000088600000, 0x0000000088600000|100%| E|CS|TAMS 0x0000000088500000, 0x0000000088500000| Complete 
| 102|0x0000000088600000, 0x0000000088700000, 0x0000000088700000|100%| E|CS|TAMS 0x0000000088600000, 0x0000000088600000| Complete 
| 103|0x0000000088700000, 0x0000000088800000, 0x0000000088800000|100%| E|CS|TAMS 0x0000000088700000, 0x0000000088700000| Complete 
| 104|0x0000000088800000, 0x0000000088900000, 0x0000000088900000|100%| E|CS|TAMS 0x0000000088800000, 0x0000000088800000| Complete 
| 105|0x0000000088900000, 0x000000008895e1c8, 0x0000000088a00000| 36%| S|CS|TAMS 0x0000000088900000, 0x0000000088900000| Complete 
| 106|0x0000000088a00000, 0x0000000088b00000, 0x0000000088b00000|100%| S|CS|TAMS 0x0000000088a00000, 0x0000000088a00000| Complete 
| 107|0x0000000088b00000, 0x0000000088c00000, 0x0000000088c00000|100%| S|CS|TAMS 0x0000000088b00000, 0x0000000088b00000| Complete 
| 108|0x0000000088c00000, 0x0000000088d00000, 0x0000000088d00000|100%| E|CS|TAMS 0x0000000088c00000, 0x0000000088c00000| Complete 
| 109|0x0000000088d00000, 0x0000000088e00000, 0x0000000088e00000|100%| E|CS|TAMS 0x0000000088d00000, 0x0000000088d00000| Complete 
| 110|0x0000000088e00000, 0x0000000088f00000, 0x0000000088f00000|100%| E|CS|TAMS 0x0000000088e00000, 0x0000000088e00000| Complete 
| 111|0x0000000088f00000, 0x0000000089000000, 0x0000000089000000|100%| E|CS|TAMS 0x0000000088f00000, 0x0000000088f00000| Complete 
| 112|0x0000000089000000, 0x0000000089100000, 0x0000000089100000|100%| E|CS|TAMS 0x0000000089000000, 0x0000000089000000| Complete 
| 113|0x0000000089100000, 0x0000000089200000, 0x0000000089200000|100%| E|CS|TAMS 0x0000000089100000, 0x0000000089100000| Complete 
| 114|0x0000000089200000, 0x0000000089300000, 0x0000000089300000|100%| E|CS|TAMS 0x0000000089200000, 0x0000000089200000| Complete 
| 115|0x0000000089300000, 0x0000000089400000, 0x0000000089400000|100%| E|CS|TAMS 0x0000000089300000, 0x0000000089300000| Complete 
| 116|0x0000000089400000, 0x0000000089500000, 0x0000000089500000|100%| E|CS|TAMS 0x0000000089400000, 0x0000000089400000| Complete 
| 117|0x0000000089500000, 0x0000000089600000, 0x0000000089600000|100%| E|CS|TAMS 0x0000000089500000, 0x0000000089500000| Complete 
| 118|0x0000000089600000, 0x0000000089700000, 0x0000000089700000|100%| E|CS|TAMS 0x0000000089600000, 0x0000000089600000| Complete 
| 119|0x0000000089700000, 0x0000000089800000, 0x0000000089800000|100%| E|CS|TAMS 0x0000000089700000, 0x0000000089700000| Complete 
| 120|0x0000000089800000, 0x0000000089900000, 0x0000000089900000|100%| E|CS|TAMS 0x0000000089800000, 0x0000000089800000| Complete 
| 121|0x0000000089900000, 0x0000000089a00000, 0x0000000089a00000|100%| E|CS|TAMS 0x0000000089900000, 0x0000000089900000| Complete 
| 122|0x0000000089a00000, 0x0000000089b00000, 0x0000000089b00000|100%| E|CS|TAMS 0x0000000089a00000, 0x0000000089a00000| Complete 
| 123|0x0000000089b00000, 0x0000000089c00000, 0x0000000089c00000|100%| E|CS|TAMS 0x0000000089b00000, 0x0000000089b00000| Complete 
| 124|0x0000000089c00000, 0x0000000089d00000, 0x0000000089d00000|100%| E|CS|TAMS 0x0000000089c00000, 0x0000000089c00000| Complete 
| 125|0x0000000089d00000, 0x0000000089e00000, 0x0000000089e00000|100%| E|CS|TAMS 0x0000000089d00000, 0x0000000089d00000| Complete 

Card table byte_map: [0x000001fc33ea0000,0x000001fc34290000] _byte_map_base: 0x000001fc33a90000

Marking Bits (Prev, Next): (CMBitMap*) 0x000001fc20fcce68, (CMBitMap*) 0x000001fc20fccea0
 Prev Bits: [0x000001fc34680000, 0x000001fc36600000)
 Next Bits: [0x000001fc36600000, 0x000001fc38580000)

Polling page: 0x000001fc20770000

Metaspace:

Usage:
  Non-class:     38.83 MB capacity,    38.53 MB (>99%) used,   243.16 KB ( <1%) free+waste,    64.81 KB ( <1%) overhead. 
      Class:      5.41 MB capacity,     5.20 MB ( 96%) used,   187.19 KB (  3%) free+waste,    28.94 KB ( <1%) overhead. 
       Both:     44.24 MB capacity,    43.72 MB ( 99%) used,   430.34 KB ( <1%) free+waste,    93.75 KB ( <1%) overhead. 

Virtual space:
  Non-class space:       40.00 MB reserved,      39.00 MB ( 98%) committed 
      Class space:        1.00 GB reserved,       5.50 MB ( <1%) committed 
             Both:        1.04 GB reserved,      44.50 MB (  4%) committed 

Chunk freelists:
   Non-Class:  50.00 KB
       Class:  0 bytes
        Both:  50.00 KB

MaxMetaspaceSize: 17179869184.00 GB
CompressedClassSpaceSize: 1.00 GB
Initial GC threshold: 20.80 MB
Current GC threshold: 59.17 MB
CDS: off

CodeHeap 'non-profiled nmethods': size=120064Kb used=1245Kb max_used=1245Kb free=118818Kb
 bounds [0x000001fc2c570000, 0x000001fc2c7e0000, 0x000001fc33ab0000]
CodeHeap 'profiled nmethods': size=120000Kb used=6153Kb max_used=6153Kb free=113846Kb
 bounds [0x000001fc25040000, 0x000001fc25650000, 0x000001fc2c570000]
CodeHeap 'non-nmethods': size=5696Kb used=1259Kb max_used=1290Kb free=4436Kb
 bounds [0x000001fc24ab0000, 0x000001fc24d20000, 0x000001fc25040000]
 total_blobs=3585 nmethods=3038 adapters=459
 compilation: enabled
              stopped_count=0, restarted_count=0
 full_count=0

Compilation events (20 events):
Event: 7.380 Thread 0x000001fc3aa91800 nmethod 3039 0x000001fc2563fb90 code [0x000001fc2563fd60, 0x000001fc25640238]
Event: 7.422 Thread 0x000001fc3aa91800 3040       1       kotlin.ranges.IntProgressionIterator::hasNext (5 bytes)
Event: 7.423 Thread 0x000001fc3aa91800 nmethod 3040 0x000001fc2c6a6f90 code [0x000001fc2c6a7140, 0x000001fc2c6a71f8]
Event: 7.423 Thread 0x000001fc3aa91800 3041       3       org.jetbrains.kotlin.com.intellij.openapi.vfs.impl.jar.CoreJarVirtualFile::getNameSequence (13 bytes)
Event: 7.423 Thread 0x000001fc3aa91800 nmethod 3041 0x000001fc25640390 code [0x000001fc25640540, 0x000001fc256406c8]
Event: 7.423 Thread 0x000001fc3aa91800 3042       1       org.jetbrains.kotlin.com.intellij.openapi.vfs.impl.jar.CoreJarVirtualFile::getChildren (5 bytes)
Event: 7.423 Thread 0x000001fc3aa91800 nmethod 3042 0x000001fc2c6a7290 code [0x000001fc2c6a7440, 0x000001fc2c6a74f8]
Event: 7.448 Thread 0x000001fc3aa91800 3043       3       org.jetbrains.kotlin.com.intellij.openapi.vfs.VirtualFile::nameEquals (18 bytes)
Event: 7.449 Thread 0x000001fc3aa91800 nmethod 3043 0x000001fc25640790 code [0x000001fc25640980, 0x000001fc25640c48]
Event: 7.449 Thread 0x000001fc3aa91800 3044       3       org.jetbrains.kotlin.com.intellij.openapi.util.Comparing::equal (7 bytes)
Event: 7.449 Thread 0x000001fc3aa91800 nmethod 3044 0x000001fc25640d90 code [0x000001fc25640f40, 0x000001fc25641048]
Event: 7.450 Thread 0x000001fc3aa91800 3045       3       java.lang.String::indexOf (29 bytes)
Event: 7.450 Thread 0x000001fc3aa91800 nmethod 3045 0x000001fc25641110 code [0x000001fc256412e0, 0x000001fc25641558]
Event: 7.451 Thread 0x000001fc3aa91800 3046       3       org.jetbrains.kotlin.metadata.ProtoBuf$QualifiedNameTable$QualifiedName$Kind::valueOf (42 bytes)
Event: 7.451 Thread 0x000001fc3aa91800 nmethod 3046 0x000001fc25641690 code [0x000001fc25641840, 0x000001fc256419f8]
Event: 7.451 Thread 0x000001fc3aa91800 3047       3       org.jetbrains.kotlin.protobuf.WireFormat::getTagWireType (5 bytes)
Event: 7.452 Thread 0x000001fc3aa91800 nmethod 3047 0x000001fc25641a90 code [0x000001fc25641c40, 0x000001fc25641d18]
Event: 7.452 Thread 0x000001fc3aa91800 3048       3       org.jetbrains.kotlin.protobuf.ExtensionRegistryLite::findLiteExtensionByNumber (22 bytes)
Event: 7.452 Thread 0x000001fc3aa91800 nmethod 3048 0x000001fc25641d90 code [0x000001fc25641f60, 0x000001fc25642388]
Event: 7.452 Thread 0x000001fc3aa91800 3054   !   3       org.jetbrains.kotlin.metadata.ProtoBuf$Class::<init> (2890 bytes)

GC Heap History (8 events):
Event: 0.678 GC heap before
{Heap before GC invocations=0 (full 0):
 garbage-first heap   total 129024K, used 17408K [0x0000000082000000, 0x0000000100000000)
  region size 1024K, 14 young (14336K), 0 survivors (0K)
 Metaspace       used 9882K, capacity 10002K, committed 10112K, reserved 1058816K
  class space    used 829K, capacity 885K, committed 896K, reserved 1048576K
}
Event: 0.682 GC heap after
{Heap after GC invocations=1 (full 0):
 garbage-first heap   total 129024K, used 5248K [0x0000000082000000, 0x0000000100000000)
  region size 1024K, 2 young (2048K), 2 survivors (2048K)
 Metaspace       used 9882K, capacity 10002K, committed 10112K, reserved 1058816K
  class space    used 829K, capacity 885K, committed 896K, reserved 1048576K
}
Event: 1.997 GC heap before
{Heap before GC invocations=1 (full 0):
 garbage-first heap   total 129024K, used 51328K [0x0000000082000000, 0x0000000100000000)
  region size 1024K, 48 young (49152K), 2 survivors (2048K)
 Metaspace       used 20944K, capacity 21190K, committed 21248K, reserved 1069056K
  class space    used 2203K, capacity 2302K, committed 2304K, reserved 1048576K
}
Event: 2.019 GC heap after
{Heap after GC invocations=2 (full 0):
 garbage-first heap   total 129024K, used 9783K [0x0000000082000000, 0x0000000100000000)
  region size 1024K, 7 young (7168K), 7 survivors (7168K)
 Metaspace       used 20944K, capacity 21190K, committed 21248K, reserved 1069056K
  class space    used 2203K, capacity 2302K, committed 2304K, reserved 1048576K
}
Event: 5.644 GC heap before
{Heap before GC invocations=3 (full 0):
 garbage-first heap   total 129024K, used 62007K [0x0000000082000000, 0x0000000100000000)
  region size 1024K, 53 young (54272K), 7 survivors (7168K)
 Metaspace       used 31587K, capacity 31963K, committed 32256K, reserved 1077248K
  class space    used 3851K, capacity 4017K, committed 4096K, reserved 1048576K
}
Event: 5.680 GC heap after
{Heap after GC invocations=4 (full 0):
 garbage-first heap   total 129024K, used 21288K [0x0000000082000000, 0x0000000100000000)
  region size 1024K, 7 young (7168K), 7 survivors (7168K)
 Metaspace       used 31587K, capacity 31963K, committed 32256K, reserved 1077248K
  class space    used 3851K, capacity 4017K, committed 4096K, reserved 1048576K
}
Event: 6.264 GC heap before
{Heap before GC invocations=4 (full 0):
 garbage-first heap   total 129024K, used 38696K [0x0000000082000000, 0x0000000100000000)
  region size 1024K, 25 young (25600K), 7 survivors (7168K)
 Metaspace       used 35320K, capacity 35723K, committed 35840K, reserved 1081344K
  class space    used 4338K, capacity 4503K, committed 4608K, reserved 1048576K
}
Event: 6.280 GC heap after
{Heap after GC invocations=5 (full 0):
 garbage-first heap   total 129024K, used 21380K [0x0000000082000000, 0x0000000100000000)
  region size 1024K, 3 young (3072K), 3 survivors (3072K)
 Metaspace       used 35320K, capacity 35723K, committed 35840K, reserved 1081344K
  class space    used 4338K, capacity 4503K, committed 4608K, reserved 1048576K
}

Deoptimization events (20 events):
Event: 7.261 Thread 0x000001fc20f8d000 Uncommon trap: trap_request=0xffffffc6 fr.pc=0x000001fc2c5cb7c8 relative=0x00000000000007a8
Event: 7.261 Thread 0x000001fc20f8d000 Uncommon trap: reason=bimorphic_or_optimized_type_check action=maybe_recompile pc=0x000001fc2c5cb7c8 method=java.util.HashMap.putVal(ILjava/lang/Object;Ljava/lang/Object;ZZ)Ljava/lang/Object; @ 203 c2
Event: 7.261 Thread 0x000001fc20f8d000 DEOPT PACKING pc=0x000001fc2c5cb7c8 sp=0x0000009d038fca10
Event: 7.261 Thread 0x000001fc20f8d000 DEOPT UNPACKING pc=0x000001fc24afa1af sp=0x0000009d038fc9a0 mode 2
Event: 7.450 Thread 0x000001fc20f8d000 Uncommon trap: trap_request=0xffffffc6 fr.pc=0x000001fc2c6442d8 relative=0x00000000000014b8
Event: 7.450 Thread 0x000001fc20f8d000 Uncommon trap: reason=bimorphic_or_optimized_type_check action=maybe_recompile pc=0x000001fc2c6442d8 method=java.util.zip.ZipFile.getZipEntry(Ljava/lang/String;[BILjava/util/function/Function;)Ljava/util/zip/ZipEntry; @ 108 c2
Event: 7.450 Thread 0x000001fc20f8d000 DEOPT PACKING pc=0x000001fc2c6442d8 sp=0x0000009d038fabf0
Event: 7.450 Thread 0x000001fc20f8d000 DEOPT UNPACKING pc=0x000001fc24afa1af sp=0x0000009d038faba8 mode 2
Event: 7.451 Thread 0x000001fc20f8d000 Uncommon trap: trap_request=0xffffffc6 fr.pc=0x000001fc2c671ad8 relative=0x00000000000005d8
Event: 7.451 Thread 0x000001fc20f8d000 Uncommon trap: reason=bimorphic_or_optimized_type_check action=maybe_recompile pc=0x000001fc2c671ad8 method=org.jetbrains.kotlin.protobuf.CodedInputStream.tryRefillBuffer(I)Z @ 177 c2
Event: 7.451 Thread 0x000001fc20f8d000 DEOPT PACKING pc=0x000001fc2c671ad8 sp=0x0000009d038fa9e0
Event: 7.451 Thread 0x000001fc20f8d000 DEOPT UNPACKING pc=0x000001fc24afa1af sp=0x0000009d038fa8c8 mode 2
Event: 7.461 Thread 0x000001fc20f8d000 Uncommon trap: trap_request=0xffffffc6 fr.pc=0x000001fc2c671ad8 relative=0x00000000000005d8
Event: 7.461 Thread 0x000001fc20f8d000 Uncommon trap: reason=bimorphic_or_optimized_type_check action=maybe_recompile pc=0x000001fc2c671ad8 method=org.jetbrains.kotlin.protobuf.CodedInputStream.tryRefillBuffer(I)Z @ 177 c2
Event: 7.461 Thread 0x000001fc20f8d000 DEOPT PACKING pc=0x000001fc2c671ad8 sp=0x0000009d038fa280
Event: 7.461 Thread 0x000001fc20f8d000 DEOPT UNPACKING pc=0x000001fc24afa1af sp=0x0000009d038fa160 mode 2
Event: 7.467 Thread 0x000001fc20f8d000 Uncommon trap: trap_request=0xffffffc6 fr.pc=0x000001fc2c671ad8 relative=0x00000000000005d8
Event: 7.467 Thread 0x000001fc20f8d000 Uncommon trap: reason=bimorphic_or_optimized_type_check action=maybe_recompile pc=0x000001fc2c671ad8 method=org.jetbrains.kotlin.protobuf.CodedInputStream.tryRefillBuffer(I)Z @ 177 c2
Event: 7.467 Thread 0x000001fc20f8d000 DEOPT PACKING pc=0x000001fc2c671ad8 sp=0x0000009d038fa9e0
Event: 7.467 Thread 0x000001fc20f8d000 DEOPT UNPACKING pc=0x000001fc24afa1af sp=0x0000009d038fa8c8 mode 2

Classes redefined (0 events):
No events

Internal exceptions (20 events):
Event: 1.831 Thread 0x000001fc20f8d000 Exception <a 'java/lang/NoSuchMethodError'{0x00000000876fcbd8}: 'int java.lang.invoke.DirectMethodHandle$Holder.invokeSpecialIFC(java.lang.Object, java.lang.Object, int)'> (0x00000000876fcbd8) thrown at [./src/hotspot/share/interpreter/linkResolver.cpp, line 773]
Event: 1.992 Thread 0x000001fc20f8d000 Exception <a 'java/lang/NoSuchMethodError'{0x0000000086e32348}: 'java.lang.Object java.lang.invoke.DirectMethodHandle$Holder.invokeStaticInit(java.lang.Object, int)'> (0x0000000086e32348) thrown at [./src/hotspot/share/interpreter/linkResolver.cpp, line 773]
Event: 2.054 Thread 0x000001fc20f8d000 Exception <a 'java/lang/NoSuchMethodError'{0x0000000089c94ed0}: 'long java.lang.invoke.DirectMethodHandle$Holder.invokeStatic(java.lang.Object)'> (0x0000000089c94ed0) thrown at [./src/hotspot/share/interpreter/linkResolver.cpp, line 773]
Event: 2.055 Thread 0x000001fc20f8d000 Exception <a 'java/lang/NoSuchMethodError'{0x0000000089c97d28}: 'long java.lang.invoke.DirectMethodHandle$Holder.invokeStaticInit(java.lang.Object)'> (0x0000000089c97d28) thrown at [./src/hotspot/share/interpreter/linkResolver.cpp, line 773]
Event: 2.141 Thread 0x000001fc20f8d000 Exception <a 'java/lang/NoSuchMethodError'{0x000000008983f510}: 'int java.lang.invoke.DirectMethodHandle$Holder.invokeStaticInit(java.lang.Object, java.lang.Object, java.lang.Object)'> (0x000000008983f510) thrown at [./src/hotspot/share/interpreter/linkResolver.cpp, line 773]
Event: 2.149 Thread 0x000001fc20f8d000 Exception <a 'java/lang/NoSuchMethodError'{0x000000008986ab10}: 'int java.lang.invoke.DirectMethodHandle$Holder.invokeStaticInit(java.lang.Object, java.lang.Object)'> (0x000000008986ab10) thrown at [./src/hotspot/share/interpreter/linkResolver.cpp, line 773]
Event: 2.221 Thread 0x000001fc20f8d000 Exception <a 'java/lang/NoSuchMethodError'{0x000000008967d258}: 'void java.lang.invoke.DirectMethodHandle$Holder.invokeSpecial(java.lang.Object, java.lang.Object)'> (0x000000008967d258) thrown at [./src/hotspot/share/interpreter/linkResolver.cpp, line 773]
Event: 2.470 Thread 0x000001fc20f8d000 Exception <a 'java/lang/NoSuchMethodError'{0x0000000088ee11f8}: 'java.lang.Object java.lang.invoke.DirectMethodHandle$Holder.invokeStatic(java.lang.Object, java.lang.Object, java.lang.Object, java.lang.Object, java.lang.Object, java.lang.Object, java.lang.Object, java.lang.Object, java.lang.Object, java.lang.Object, java.lang.Object, java.lang.Object, java.lang.Object, java.lang.Object, java.lang.Object)'> (0x0000000088ee11f8) thrown at [./src/hotspot/share/interpreter/linkResolver.cpp, line 773]
Event: 2.472 Thread 0x000001fc20f8d000 Exception <a 'java/lang/NoSuchMethodError'{0x0000000088eef200}: 'java.lang.Object java.lang.invoke.DirectMethodHandle$Holder.invokeStatic(java.lang.Object, java.lang.Object, java.lang.Object, java.lang.Object, java.lang.Object, java.lang.Object, java.lang.Object, java.lang.Object, java.lang.Object, java.lang.Object, java.lang.Object, java.lang.Object, java.lang.Object, java.lang.Object, java.lang.Object, java.lang.Object)'> (0x0000000088eef200) thrown at [./src/hotspot/share/interpreter/linkResolver.cpp, l
Event: 2.474 Thread 0x000001fc20f8d000 Exception <a 'java/lang/NoSuchMethodError'{0x0000000088efd118}: 'java.lang.Object java.lang.invoke.DirectMethodHandle$Holder.invokeSpecial(java.lang.Object, java.lang.Object, int, int, java.lang.Object, java.lang.Object, java.lang.Object)'> (0x0000000088efd118) thrown at [./src/hotspot/share/interpreter/linkResolver.cpp, line 773]
Event: 2.474 Thread 0x000001fc20f8d000 Exception <a 'java/lang/NoSuchMethodError'{0x0000000088d01060}: 'java.lang.Object java.lang.invoke.DelegatingMethodHandle$Holder.reinvoke_L(java.lang.Object, int, int, java.lang.Object, java.lang.Object, java.lang.Object)'> (0x0000000088d01060) thrown at [./src/hotspot/share/interpreter/linkResolver.cpp, line 773]
Event: 2.475 Thread 0x000001fc20f8d000 Exception <a 'java/lang/NoSuchMethodError'{0x0000000088d053e8}: 'java.lang.Object java.lang.invoke.DirectMethodHandle$Holder.invokeStatic(java.lang.Object, java.lang.Object, java.lang.Object, java.lang.Object, int)'> (0x0000000088d053e8) thrown at [./src/hotspot/share/interpreter/linkResolver.cpp, line 773]
Event: 2.539 Thread 0x000001fc20f8d000 Exception <a 'java/lang/NoSuchMethodError'{0x0000000088c29f80}: 'void java.lang.invoke.DirectMethodHandle$Holder.invokeStatic(java.lang.Object, java.lang.Object, java.lang.Object, java.lang.Object)'> (0x0000000088c29f80) thrown at [./src/hotspot/share/interpreter/linkResolver.cpp, line 773]
Event: 2.641 Thread 0x000001fc20f8d000 Exception <a 'java/lang/NoSuchMethodError'{0x0000000088809c38}: 'void java.lang.invoke.DirectMethodHandle$Holder.invokeStaticInit(java.lang.Object, java.lang.Object)'> (0x0000000088809c38) thrown at [./src/hotspot/share/interpreter/linkResolver.cpp, line 773]
Event: 2.779 Thread 0x000001fc20f8d000 Exception <a 'java/lang/NoSuchMethodError'{0x0000000088434a10}: 'void java.lang.invoke.DirectMethodHandle$Holder.invokeVirtual(java.lang.Object, java.lang.Object)'> (0x0000000088434a10) thrown at [./src/hotspot/share/interpreter/linkResolver.cpp, line 773]
Event: 2.793 Thread 0x000001fc20f8d000 Exception <a 'java/lang/NoSuchMethodError'{0x00000000884bc5e8}: 'int java.lang.invoke.DirectMethodHandle$Holder.invokeVirtual(java.lang.Object, java.lang.Object)'> (0x00000000884bc5e8) thrown at [./src/hotspot/share/interpreter/linkResolver.cpp, line 773]
Event: 6.203 Thread 0x000001fc20f8d000 Exception <a 'java/lang/NoSuchMethodError'{0x0000000088d16dd0}: 'java.lang.Object java.lang.invoke.DirectMethodHandle$Holder.invokeVirtual(java.lang.Object, java.lang.Object, java.lang.Object)'> (0x0000000088d16dd0) thrown at [./src/hotspot/share/interpreter/linkResolver.cpp, line 773]
Event: 7.355 Thread 0x000001fc20f8d000 Exception <a 'java/lang/NoSuchMethodError'{0x00000000873dd0f8}: 'java.lang.Object java.lang.invoke.DirectMethodHandle$Holder.invokeStatic(java.lang.Object, java.lang.Object, java.lang.Object, int)'> (0x00000000873dd0f8) thrown at [./src/hotspot/share/interpreter/linkResolver.cpp, line 773]
Event: 7.355 Thread 0x000001fc20f8d000 Exception <a 'java/lang/NoSuchMethodError'{0x00000000873e0d68}: 'java.lang.Object java.lang.invoke.DirectMethodHandle$Holder.invokeSpecial(java.lang.Object, java.lang.Object, java.lang.Object, java.lang.Object, int)'> (0x00000000873e0d68) thrown at [./src/hotspot/share/interpreter/linkResolver.cpp, line 773]
Event: 7.356 Thread 0x000001fc20f8d000 Exception <a 'java/lang/NoSuchMethodError'{0x00000000873e4078}: 'java.lang.Object java.lang.invoke.Invokers$Holder.linkToTargetMethod(java.lang.Object, java.lang.Object, int, java.lang.Object)'> (0x00000000873e4078) thrown at [./src/hotspot/share/interpreter/linkResolver.cpp, line 773]

Events (20 events):
Event: 7.476 loading class org/jetbrains/kotlin/cli/jvm/compiler/KotlinCliJavaFileManagerImpl$knownClassNamesInPackage$1
Event: 7.476 loading class org/jetbrains/kotlin/cli/jvm/compiler/KotlinCliJavaFileManagerImpl$knownClassNamesInPackage$1 done
Event: 7.480 loading class org/jetbrains/kotlin/cli/jvm/index/SingleJavaFileRootsIndex$JavaSourceClassIdReader
Event: 7.480 loading class org/jetbrains/kotlin/cli/jvm/index/SingleJavaFileRootsIndex$JavaSourceClassIdReader done
Event: 7.481 loading class org/jetbrains/kotlin/cli/jvm/index/SingleJavaFileRootsIndex$JavaSourceClassIdReader$Companion
Event: 7.481 loading class org/jetbrains/kotlin/cli/jvm/index/SingleJavaFileRootsIndex$JavaSourceClassIdReader$Companion done
Event: 7.482 loading class org/jetbrains/kotlin/com/intellij/psi/impl/source/tree/ElementType
Event: 7.482 loading class org/jetbrains/kotlin/com/intellij/psi/impl/source/tree/ElementType done
Event: 7.482 loading class org/jetbrains/kotlin/com/intellij/psi/JavaDocTokenType
Event: 7.482 loading class org/jetbrains/kotlin/com/intellij/psi/JavaDocTokenType done
Event: 7.483 loading class org/jetbrains/kotlin/com/intellij/psi/JavaTokenType
Event: 7.483 loading class org/jetbrains/kotlin/com/intellij/psi/JavaTokenType done
Event: 7.485 loading class org/jetbrains/kotlin/com/intellij/psi/impl/source/tree/JavaDocElementType
Event: 7.485 loading class org/jetbrains/kotlin/com/intellij/psi/impl/source/tree/JavaDocElementType done
Event: 7.485 loading class org/jetbrains/kotlin/com/intellij/psi/impl/source/tree/JavaElementType
Event: 7.485 loading class org/jetbrains/kotlin/com/intellij/psi/impl/source/tree/JavaElementType done
Event: 7.487 loading class org/jetbrains/kotlin/com/intellij/psi/tree/java/IJavaElementType
Event: 7.487 loading class org/jetbrains/kotlin/com/intellij/psi/tree/java/IJavaElementType done
Event: 7.487 loading class org/jetbrains/kotlin/com/intellij/psi/tree/java/IKeywordElementType
Event: 7.487 loading class org/jetbrains/kotlin/com/intellij/psi/tree/java/IKeywordElementType done


Dynamic libraries:
0x00007ff617210000 - 0x00007ff61721a000 	C:\Program Files\Android\Android Studio\jre\bin\java.exe
0x00007ff9440d0000 - 0x00007ff9442c8000 	C:\WINDOWS\SYSTEM32\ntdll.dll
0x00007ff943740000 - 0x00007ff9437ff000 	C:\WINDOWS\System32\KERNEL32.DLL
0x00007ff941d00000 - 0x00007ff941ff6000 	C:\WINDOWS\System32\KERNELBASE.dll
0x00007ff942000000 - 0x00007ff942100000 	C:\WINDOWS\System32\ucrtbase.dll
0x00007ff93c060000 - 0x00007ff93c079000 	C:\Program Files\Android\Android Studio\jre\bin\jli.dll
0x00007ff93c080000 - 0x00007ff93c097000 	C:\Program Files\Android\Android Studio\jre\bin\VCRUNTIME140.dll
0x00007ff9421e0000 - 0x00007ff94237d000 	C:\WINDOWS\System32\USER32.dll
0x00007ff935940000 - 0x00007ff935bda000 	C:\WINDOWS\WinSxS\amd64_microsoft.windows.common-controls_6595b64144ccf1df_6.0.19041.1110_none_60b5254171f9507e\COMCTL32.dll
0x00007ff941c40000 - 0x00007ff941c62000 	C:\WINDOWS\System32\win32u.dll
0x00007ff9434c0000 - 0x00007ff94355e000 	C:\WINDOWS\System32\msvcrt.dll
0x00007ff9421b0000 - 0x00007ff9421dc000 	C:\WINDOWS\System32\GDI32.dll
0x00007ff9417f0000 - 0x00007ff941905000 	C:\WINDOWS\System32\gdi32full.dll
0x00007ff941ba0000 - 0x00007ff941c3d000 	C:\WINDOWS\System32\msvcp_win.dll
0x00007ff9432f0000 - 0x00007ff943320000 	C:\WINDOWS\System32\IMM32.DLL
0x00007ff91bd90000 - 0x00007ff91be2d000 	C:\Program Files\Android\Android Studio\jre\bin\msvcp140.dll
0x00007ff9045c0000 - 0x00007ff9050c2000 	C:\Program Files\Android\Android Studio\jre\bin\server\jvm.dll
0x00007ff942100000 - 0x00007ff9421af000 	C:\WINDOWS\System32\ADVAPI32.dll
0x00007ff942930000 - 0x00007ff9429cc000 	C:\WINDOWS\System32\sechost.dll
0x00007ff9423e0000 - 0x00007ff942506000 	C:\WINDOWS\System32\RPCRT4.dll
0x00007ff942920000 - 0x00007ff942928000 	C:\WINDOWS\System32\PSAPI.DLL
0x00007ff93ab00000 - 0x00007ff93ab09000 	C:\WINDOWS\SYSTEM32\WSOCK32.dll
0x00007ff935be0000 - 0x00007ff935c07000 	C:\WINDOWS\SYSTEM32\WINMM.dll
0x00007ff93b4a0000 - 0x00007ff93b4aa000 	C:\WINDOWS\SYSTEM32\VERSION.dll
0x00007ff942510000 - 0x00007ff94257b000 	C:\WINDOWS\System32\WS2_32.dll
0x00007ff93f2e0000 - 0x00007ff93f2f2000 	C:\WINDOWS\SYSTEM32\kernel.appcore.dll
0x00007ff93a7d0000 - 0x00007ff93a7e1000 	C:\Program Files\Android\Android Studio\jre\bin\verify.dll
0x00007ff925110000 - 0x00007ff9252f4000 	C:\WINDOWS\SYSTEM32\DBGHELP.DLL
0x00007ff9250d0000 - 0x00007ff925104000 	C:\WINDOWS\SYSTEM32\dbgcore.DLL
0x00007ff941c70000 - 0x00007ff941cf2000 	C:\WINDOWS\System32\bcryptPrimitives.dll
0x00007ff9385d0000 - 0x00007ff9385f9000 	C:\Program Files\Android\Android Studio\jre\bin\java.dll
0x00007ff93aaf0000 - 0x00007ff93aafb000 	C:\Program Files\Android\Android Studio\jre\bin\jimage.dll
0x00007ff9385b0000 - 0x00007ff9385c8000 	C:\Program Files\Android\Android Studio\jre\bin\zip.dll
0x00007ff9429d0000 - 0x00007ff943114000 	C:\WINDOWS\System32\SHELL32.dll
0x00007ff940430000 - 0x00007ff940bc3000 	C:\WINDOWS\SYSTEM32\windows.storage.dll
0x00007ff943cf0000 - 0x00007ff944044000 	C:\WINDOWS\System32\combase.dll
0x00007ff941180000 - 0x00007ff9411ae000 	C:\WINDOWS\SYSTEM32\Wldp.dll
0x00007ff943560000 - 0x00007ff94360d000 	C:\WINDOWS\System32\SHCORE.dll
0x00007ff943c90000 - 0x00007ff943ce5000 	C:\WINDOWS\System32\shlwapi.dll
0x00007ff9416c0000 - 0x00007ff9416df000 	C:\WINDOWS\SYSTEM32\profapi.dll
0x00007ff936bb0000 - 0x00007ff936bca000 	C:\Program Files\Android\Android Studio\jre\bin\net.dll
0x00007ff939c30000 - 0x00007ff939d3a000 	C:\WINDOWS\SYSTEM32\WINHTTP.dll
0x00007ff940360000 - 0x00007ff9403ca000 	C:\WINDOWS\system32\mswsock.dll
0x00007ff92b210000 - 0x00007ff92b224000 	C:\Program Files\Android\Android Studio\jre\bin\nio.dll

dbghelp: loaded successfully - version: 4.0.5 - missing functions: none
symbol engine: initialized successfully - sym options: 0x614 - pdb path: .;C:\Program Files\Android\Android Studio\jre\bin;C:\WINDOWS\SYSTEM32;C:\WINDOWS\WinSxS\amd64_microsoft.windows.common-controls_6595b64144ccf1df_6.0.19041.1110_none_60b5254171f9507e;C:\Program Files\Android\Android Studio\jre\bin\server

VM Arguments:
java_command: org.jetbrains.kotlin.cli.jvm.K2JVMCompiler @C:\Users\1\AndroidStudioProjects\MyApplication3\app\build\20231202_5533200655348358938.compiler.options
java_class_path (initial): C:\Users\1\.gradle\caches\modules-2\files-2.1\org.jetbrains.kotlin\kotlin-compiler-embeddable\1.7.10\909803167c98606fcf22b4c848647c68e351d48d\kotlin-compiler-embeddable-1.7.10.jar;C:\Users\1\.gradle\caches\modules-2\files-2.1\org.jetbrains.kotlin\kotlin-reflect\1.7.10\165e600dfea6185cf5efa700756294cc4904dbeb\kotlin-reflect-1.7.10.jar;C:\Users\1\.gradle\caches\modules-2\files-2.1\org.jetbrains.kotlin\kotlin-stdlib\1.7.10\d2abf9e77736acc4450dc4a3f707fa2c10f5099d\kotlin-stdlib-1.7.10.jar;C:\Users\1\.gradle\caches\modules-2\files-2.1\org.jetbrains.kotlin\kotlin-script-runtime\1.7.10\c99c87a6988d8fd8d5142e9ed5c9f34a7cf561ee\kotlin-script-runtime-1.7.10.jar;C:\Users\1\.gradle\caches\modules-2\files-2.1\org.jetbrains.kotlin\kotlin-daemon-embeddable\1.7.10\3a9f7aef7080d3ae63126cbba4f827ed664f32fa\kotlin-daemon-embeddable-1.7.10.jar;C:\Users\1\.gradle\caches\modules-2\files-2.1\org.jetbrains.intellij.deps\trove4j\1.0.20200330\3afb14d5f9ceb459d724e907a21145e8ff394f02\trove4j-1.0.20200330.jar;C:\Users\1\.gradle\caches\modules-2\files-2.1\net.java.dev.jna\jna\5.6.0\330f2244e9030119ab3030fc3fededc86713d9cc\jna-5.6.0.jar;C:\Users\1\.gradle\caches\modules-2\files-2.1\org.jetbrains.kotlin\kotlin-stdlib-common\1.7.10\bac80c520d0a9e3f3673bc2658c6ed02ef45a76a\kotlin-stdlib-common-1.7.10.jar;C:\Users\1\.gradle\caches\modules-2\files-2.1\org.jetbrains\annotations\13.0\919f0dfe192fb4e063e7dacadee7f8bb9a2672a9\annotations-13.0.jar
Launcher Type: SUN_STANDARD

[Global flags]
     intx CICompilerCount                          = 3                                         {product} {ergonomic}
     uint ConcGCThreads                            = 1                                         {product} {ergonomic}
     uint G1ConcRefinementThreads                  = 4                                         {product} {ergonomic}
   size_t G1HeapRegionSize                         = 1048576                                   {product} {ergonomic}
    uintx GCDrainStackTargetSize                   = 64                                        {product} {ergonomic}
   size_t InitialHeapSize                          = 132120576                                 {product} {ergonomic}
   size_t MarkStackSize                            = 4194304                                   {product} {ergonomic}
   size_t MaxHeapSize                              = 2113929216                                {product} {ergonomic}
   size_t MaxNewSize                               = 1267728384                                {product} {ergonomic}
   size_t MinHeapDeltaBytes                        = 1048576                                   {product} {ergonomic}
    uintx NonNMethodCodeHeapSize                   = 5830732                                {pd product} {ergonomic}
    uintx NonProfiledCodeHeapSize                  = 122913754                              {pd product} {ergonomic}
    uintx ProfiledCodeHeapSize                     = 122913754                              {pd product} {ergonomic}
    uintx ReservedCodeCacheSize                    = 251658240                              {pd product} {ergonomic}
     bool SegmentedCodeCache                       = true                                      {product} {ergonomic}
     bool UseCompressedClassPointers               = true                                 {lp64_product} {ergonomic}
     bool UseCompressedOops                        = true                                 {lp64_product} {ergonomic}
     bool UseG1GC                                  = true                                      {product} {ergonomic}
     bool UseLargePagesIndividualAllocation        = false                                  {pd product} {ergonomic}

Logging:
Log output configuration:
 #0: stdout all=warning uptime,level,tags
 #1: stderr all=off uptime,level,tags

Environment Variables:
JAVA_HOME=C:\Program Files\Java\jre-1.8
PATH=C:\Program Files (x86)\Common Files\Oracle\Java\javapath;C:\Python39\Scripts\;C:\Python39\;C:\Program Files (x86)\Cuminas\Document Express DjVu Plug-in\;C:\WINDOWS\system32;C:\WINDOWS;C:\WINDOWS\System32\Wbem;C:\WINDOWS\System32\WindowsPowerShell\v1.0\;C:\WINDOWS\System32\OpenSSH\;C:\Program Files\nodejs\;C:\ProgramData\chocolatey\bin;C:\Program Files\Java\jre-1.8\bin;C:\Program Files\dotnet\;C:\Program Files (x86)\NVIDIA Corporation\PhysX\Common;C:\flutter\bin;C:\Program Files (x86)\dotnet\;C:\Program Files (x86)\Print Conductor;C:\Users\1\AppData\Local\Android\Sdk\tools\bin;C:\Program Files\PuTTY\;C:\Program Files\Git\cmd;C:\Users\1\AppData\Local\Microsoft\WindowsApps;C:\Program Files\JetBrains\IntelliJ IDEA Community Edition 2019.2.3\bin;C:\Go\bin;C:\jdk-17.0.2\bin;C:\Program Files\apache-maven-3.6.3\bin;C:\Users\1\AppData\Roaming\npm;C:\Program Files\JetBrains\WebStorm 2021.2.1\bin;C:\Users\1\AppData\Local\GitHubDesktop\bin;C:\flutter\bin;C:\dart-sdk;C:\Program Files (x86)\Print Conductor
USERNAME=1
OS=Windows_NT
PROCESSOR_IDENTIFIER=Intel64 Family 6 Model 58 Stepping 9, GenuineIntel



---------------  S Y S T E M  ---------------

OS: Windows 10 , 64 bit Build 19041 (10.0.19041.3031)
OS uptime: 10 days 6:05 hours

CPU:total 4 (initial active 4) (2 cores per cpu, 2 threads per core) family 6 model 58 stepping 9 microcode 0x21, cmov, cx8, fxsr, mmx, sse, sse2, sse3, ssse3, sse4.1, sse4.2, popcnt, avx, clmul, erms, ht, tsc, tscinvbit, tscinv

Memory: 4k page, system-wide physical 8057M (657M free)
TotalPageFile size 10557M (AvailPageFile size 3M)
current process WorkingSet (physical memory assigned to process): 219M, peak: 219M
current process commit charge ("private bytes"): 296M, peak: 296M

vm_info: OpenJDK 64-Bit Server VM (11.0.13+0-b1751.21-8125866) for windows-amd64 JRE (11.0.13+0-b1751.21-8125866), built on Feb  2 2022 03:00:22 by "builder" with MS VC++ 14.0 (VS2015)

END.
